{"/home/travis/build/npmtest/node-npmtest-estraverse/test.js":{"path":"/home/travis/build/npmtest/node-npmtest-estraverse/test.js","s":{"1":2,"2":2,"3":2,"4":2,"5":2,"6":2,"7":2,"8":1,"9":2,"10":2,"11":1,"12":1,"13":1,"14":1,"15":2,"16":2,"17":2,"18":2,"19":1,"20":1,"21":2,"22":2,"23":2,"24":1,"25":1,"26":1,"27":1,"28":1,"29":1,"30":1,"31":1,"32":1,"33":1,"34":1,"35":1,"36":1,"37":2,"38":2,"39":1,"40":2,"41":2,"42":1,"43":2,"44":2,"45":1,"46":2,"47":2,"48":1,"49":1,"50":1,"51":1,"52":1},"b":{"1":[2,1,1,1],"2":[1,1,1,1],"3":[1,1],"4":[1,1],"5":[1,1],"6":[1,1],"7":[1,1],"8":[1,1],"9":[1,1,1],"10":[1,1],"11":[1,1],"12":[1,1],"13":[1,1],"14":[1,1],"15":[1,1],"16":[1,1]},"f":{"1":2,"2":2,"3":2,"4":2,"5":2,"6":1,"7":1,"8":2,"9":2,"10":2,"11":2,"12":1},"fnMap":{"1":{"name":"(anonymous_1)","line":12,"loc":{"start":{"line":12,"column":1},"end":{"line":12,"column":13}}},"2":{"name":"(anonymous_2)","line":19,"loc":{"start":{"line":19,"column":5},"end":{"line":19,"column":17}}},"3":{"name":"(anonymous_3)","line":23,"loc":{"start":{"line":23,"column":24},"end":{"line":23,"column":36}}},"4":{"name":"(anonymous_4)","line":61,"loc":{"start":{"line":61,"column":5},"end":{"line":61,"column":17}}},"5":{"name":"(anonymous_5)","line":82,"loc":{"start":{"line":82,"column":5},"end":{"line":82,"column":17}}},"6":{"name":"(anonymous_6)","line":102,"loc":{"start":{"line":102,"column":83},"end":{"line":105,"column":10}},"skip":true},"7":{"name":"(anonymous_7)","line":113,"loc":{"start":{"line":113,"column":77},"end":{"line":116,"column":10}},"skip":true},"8":{"name":"(anonymous_8)","line":129,"loc":{"start":{"line":129,"column":12},"end":{"line":129,"column":40}},"skip":true},"9":{"name":"(anonymous_9)","line":137,"loc":{"start":{"line":137,"column":77},"end":{"line":140,"column":10}},"skip":true},"10":{"name":"(anonymous_10)","line":148,"loc":{"start":{"line":148,"column":83},"end":{"line":151,"column":10}},"skip":true},"11":{"name":"(anonymous_11)","line":159,"loc":{"start":{"line":159,"column":79},"end":{"line":162,"column":10}},"skip":true},"12":{"name":"(anonymous_12)","line":170,"loc":{"start":{"line":170,"column":75},"end":{"line":173,"column":10}},"skip":true}},"statementMap":{"1":{"start":{"line":12,"column":0},"end":{"line":185,"column":5}},"2":{"start":{"line":14,"column":4},"end":{"line":14,"column":14}},"3":{"start":{"line":19,"column":4},"end":{"line":56,"column":9}},"4":{"start":{"line":21,"column":8},"end":{"line":21,"column":19}},"5":{"start":{"line":23,"column":8},"end":{"line":35,"column":13}},"6":{"start":{"line":24,"column":12},"end":{"line":34,"column":13}},"7":{"start":{"line":25,"column":16},"end":{"line":28,"column":30}},"8":{"start":{"line":30,"column":16},"end":{"line":33,"column":27}},"9":{"start":{"line":37,"column":8},"end":{"line":39,"column":21}},"10":{"start":{"line":40,"column":8},"end":{"line":53,"column":9}},"11":{"start":{"line":43,"column":12},"end":{"line":46,"column":14}},"12":{"start":{"line":47,"column":12},"end":{"line":47,"column":18}},"13":{"start":{"line":50,"column":12},"end":{"line":51,"column":46}},"14":{"start":{"line":52,"column":12},"end":{"line":52,"column":18}},"15":{"start":{"line":55,"column":8},"end":{"line":55,"column":35}},"16":{"start":{"line":61,"column":4},"end":{"line":63,"column":9}},"17":{"start":{"line":62,"column":8},"end":{"line":62,"column":15}},"18":{"start":{"line":64,"column":4},"end":{"line":77,"column":5}},"19":{"start":{"line":70,"column":8},"end":{"line":70,"column":14}},"20":{"start":{"line":76,"column":8},"end":{"line":76,"column":14}},"21":{"start":{"line":82,"column":4},"end":{"line":84,"column":9}},"22":{"start":{"line":83,"column":8},"end":{"line":83,"column":15}},"23":{"start":{"line":85,"column":4},"end":{"line":184,"column":5}},"24":{"start":{"line":92,"column":8},"end":{"line":94,"column":63}},"25":{"start":{"line":95,"column":8},"end":{"line":95,"column":14}},"26":{"start":{"line":102,"column":8},"end":{"line":111,"column":10},"skip":true},"27":{"start":{"line":109,"column":12},"end":{"line":109,"column":55},"skip":true},"28":{"start":{"line":110,"column":12},"end":{"line":110,"column":48},"skip":true},"29":{"start":{"line":113,"column":8},"end":{"line":126,"column":10},"skip":true},"30":{"start":{"line":120,"column":12},"end":{"line":120,"column":76},"skip":true},"31":{"start":{"line":121,"column":12},"end":{"line":121,"column":73},"skip":true},"32":{"start":{"line":122,"column":12},"end":{"line":122,"column":74},"skip":true},"33":{"start":{"line":123,"column":12},"end":{"line":123,"column":79},"skip":true},"34":{"start":{"line":124,"column":12},"end":{"line":124,"column":25},"skip":true},"35":{"start":{"line":125,"column":12},"end":{"line":125,"column":45},"skip":true},"36":{"start":{"line":128,"column":8},"end":{"line":135,"column":14},"skip":true},"37":{"start":{"line":133,"column":16},"end":{"line":133,"column":29},"skip":true},"38":{"start":{"line":134,"column":16},"end":{"line":134,"column":55},"skip":true},"39":{"start":{"line":137,"column":8},"end":{"line":146,"column":10},"skip":true},"40":{"start":{"line":144,"column":12},"end":{"line":144,"column":25},"skip":true},"41":{"start":{"line":145,"column":12},"end":{"line":145,"column":45},"skip":true},"42":{"start":{"line":148,"column":8},"end":{"line":157,"column":10},"skip":true},"43":{"start":{"line":155,"column":12},"end":{"line":155,"column":25},"skip":true},"44":{"start":{"line":156,"column":12},"end":{"line":156,"column":48},"skip":true},"45":{"start":{"line":159,"column":8},"end":{"line":168,"column":10},"skip":true},"46":{"start":{"line":166,"column":12},"end":{"line":166,"column":25},"skip":true},"47":{"start":{"line":167,"column":12},"end":{"line":167,"column":46},"skip":true},"48":{"start":{"line":170,"column":8},"end":{"line":179,"column":10},"skip":true},"49":{"start":{"line":177,"column":12},"end":{"line":177,"column":94},"skip":true},"50":{"start":{"line":178,"column":12},"end":{"line":178,"column":48},"skip":true},"51":{"start":{"line":182,"column":8},"end":{"line":182,"column":35},"skip":true},"52":{"start":{"line":183,"column":8},"end":{"line":183,"column":14},"skip":true}},"branchMap":{"1":{"line":25,"type":"binary-expr","locations":[{"start":{"line":25,"column":23},"end":{"line":25,"column":62}},{"start":{"line":26,"column":20},"end":{"line":26,"column":70}},{"start":{"line":27,"column":20},"end":{"line":27,"column":71}},{"start":{"line":28,"column":20},"end":{"line":28,"column":29}}]},"2":{"line":30,"type":"binary-expr","locations":[{"start":{"line":30,"column":23},"end":{"line":30,"column":37}},{"start":{"line":31,"column":20},"end":{"line":31,"column":61}},{"start":{"line":32,"column":20},"end":{"line":32,"column":70}},{"start":{"line":33,"column":20},"end":{"line":33,"column":26}}]},"3":{"line":37,"type":"cond-expr","locations":[{"start":{"line":38,"column":14},"end":{"line":38,"column":20}},{"start":{"line":39,"column":14},"end":{"line":39,"column":20}}]},"4":{"line":40,"type":"switch","locations":[{"start":{"line":42,"column":8},"end":{"line":47,"column":18}},{"start":{"line":49,"column":8},"end":{"line":52,"column":18}}]},"5":{"line":44,"type":"binary-expr","locations":[{"start":{"line":44,"column":16},"end":{"line":44,"column":44}},{"start":{"line":44,"column":48},"end":{"line":44,"column":66}}]},"6":{"line":50,"type":"binary-expr","locations":[{"start":{"line":50,"column":21},"end":{"line":50,"column":49}},{"start":{"line":50,"column":53},"end":{"line":50,"column":72}}]},"7":{"line":64,"type":"switch","locations":[{"start":{"line":69,"column":4},"end":{"line":70,"column":14}},{"start":{"line":75,"column":4},"end":{"line":76,"column":14}}]},"8":{"line":85,"type":"switch","locations":[{"start":{"line":90,"column":4},"end":{"line":95,"column":14}},{"start":{"line":101,"column":4},"end":{"line":183,"column":14},"skip":true}]},"9":{"line":92,"type":"binary-expr","locations":[{"start":{"line":92,"column":18},"end":{"line":92,"column":32}},{"start":{"line":93,"column":12},"end":{"line":93,"column":53}},{"start":{"line":94,"column":12},"end":{"line":94,"column":61}}]},"10":{"line":102,"type":"binary-expr","locations":[{"start":{"line":102,"column":45},"end":{"line":102,"column":79},"skip":true},{"start":{"line":102,"column":83},"end":{"line":111,"column":9},"skip":true}]},"11":{"line":113,"type":"binary-expr","locations":[{"start":{"line":113,"column":42},"end":{"line":113,"column":73},"skip":true},{"start":{"line":113,"column":77},"end":{"line":126,"column":9},"skip":true}]},"12":{"line":128,"type":"binary-expr","locations":[{"start":{"line":128,"column":48},"end":{"line":128,"column":85},"skip":true},{"start":{"line":129,"column":12},"end":{"line":135,"column":13},"skip":true}]},"13":{"line":137,"type":"binary-expr","locations":[{"start":{"line":137,"column":42},"end":{"line":137,"column":73},"skip":true},{"start":{"line":137,"column":77},"end":{"line":146,"column":9},"skip":true}]},"14":{"line":148,"type":"binary-expr","locations":[{"start":{"line":148,"column":45},"end":{"line":148,"column":79},"skip":true},{"start":{"line":148,"column":83},"end":{"line":157,"column":9},"skip":true}]},"15":{"line":159,"type":"binary-expr","locations":[{"start":{"line":159,"column":43},"end":{"line":159,"column":75},"skip":true},{"start":{"line":159,"column":79},"end":{"line":168,"column":9},"skip":true}]},"16":{"line":170,"type":"binary-expr","locations":[{"start":{"line":170,"column":41},"end":{"line":170,"column":71},"skip":true},{"start":{"line":170,"column":75},"end":{"line":179,"column":9},"skip":true}]}},"code":["/* istanbul instrument in package npmtest_estraverse */","/*jslint","    bitwise: true,","    browser: true,","    maxerr: 8,","    maxlen: 96,","    node: true,","    nomen: true,","    regexp: true,","    stupid: true","*/","(function () {","    'use strict';","    var local;","","","","    // run shared js-env code - pre-init","    (function () {","        // init local","        local = {};","        // init modeJs","        local.modeJs = (function () {","            try {","                return typeof navigator.userAgent === 'string' &&","                    typeof document.querySelector('body') === 'object' &&","                    typeof XMLHttpRequest.prototype.open === 'function' &&","                    'browser';","            } catch (errorCaughtBrowser) {","                return module.exports &&","                    typeof process.versions.node === 'string' &&","                    typeof require('http').createServer === 'function' &&","                    'node';","            }","        }());","        // init global","        local.global = local.modeJs === 'browser'","            ? window","            : global;","        switch (local.modeJs) {","        // re-init local from window.local","        case 'browser':","            local = local.global.utility2.objectSetDefault(","                local.global.utility2_rollup || local.global.local,","                local.global.utility2","            );","            break;","        // re-init local from example.js","        case 'node':","            local = (local.global.utility2_rollup || require('utility2'))","                .requireExampleJsFromReadme();","            break;","        }","        // export local","        local.global.local = local;","    }());","","","","    // run shared js-env code - function","    (function () {","        return;","    }());","    switch (local.modeJs) {","","","","    // run browser js-env code - function","    case 'browser':","        break;","","","","    // run node js-env code - function","    case 'node':","        break;","    }","","","","    // run shared js-env code - post-init","    (function () {","        return;","    }());","    switch (local.modeJs) {","","","","    // run browser js-env code - post-init","    case 'browser':","        // run tests","        local.nop(local.modeTest &&","            document.querySelector('#testRunButton1') &&","            document.querySelector('#testRunButton1').click());","        break;","","","","    // run node js-env code - post-init","    /* istanbul ignore next */","    case 'node':","        local.testCase_buildApidoc_default = local.testCase_buildApidoc_default || function (","            options,","            onError","        ) {","        /*","         * this function will test buildApidoc's default handling-behavior-behavior","         */","            options = { modulePathList: module.paths };","            local.buildApidoc(options, onError);","        };","","        local.testCase_buildApp_default = local.testCase_buildApp_default || function (","            options,","            onError","        ) {","        /*","         * this function will test buildApp's default handling-behavior-behavior","         */","            local.testCase_buildReadme_default(options, local.onErrorThrow);","            local.testCase_buildLib_default(options, local.onErrorThrow);","            local.testCase_buildTest_default(options, local.onErrorThrow);","            local.testCase_buildCustomOrg_default(options, local.onErrorThrow);","            options = [];","            local.buildApp(options, onError);","        };","","        local.testCase_buildCustomOrg_default = local.testCase_buildCustomOrg_default ||","            function (options, onError) {","            /*","             * this function will test buildCustomOrg's default handling-behavior","             */","                options = {};","                local.buildCustomOrg(options, onError);","            };","","        local.testCase_buildLib_default = local.testCase_buildLib_default || function (","            options,","            onError","        ) {","        /*","         * this function will test buildLib's default handling-behavior","         */","            options = {};","            local.buildLib(options, onError);","        };","","        local.testCase_buildReadme_default = local.testCase_buildReadme_default || function (","            options,","            onError","        ) {","        /*","         * this function will test buildReadme's default handling-behavior-behavior","         */","            options = {};","            local.buildReadme(options, onError);","        };","","        local.testCase_buildTest_default = local.testCase_buildTest_default || function (","            options,","            onError","        ) {","        /*","         * this function will test buildTest's default handling-behavior","         */","            options = {};","            local.buildTest(options, onError);","        };","","        local.testCase_webpage_default = local.testCase_webpage_default || function (","            options,","            onError","        ) {","        /*","         * this function will test webpage's default handling-behavior","         */","            options = { modeCoverageMerge: true, url: local.serverLocalHost + '?modeTest=1' };","            local.browserTest(options, onError);","        };","","        // run test-server","        local.testRunServer(local);","        break;","    }","}());",""],"l":{"12":2,"14":2,"19":2,"21":2,"23":2,"24":2,"25":2,"30":1,"37":2,"40":2,"43":1,"47":1,"50":1,"52":1,"55":2,"61":2,"62":2,"64":2,"70":1,"76":1,"82":2,"83":2,"85":2,"92":1,"95":1,"102":1,"109":1,"110":1,"113":1,"120":1,"121":1,"122":1,"123":1,"124":1,"125":1,"128":1,"133":2,"134":2,"137":1,"144":2,"145":2,"148":1,"155":2,"156":2,"159":1,"166":2,"167":2,"170":1,"177":1,"178":1,"182":1,"183":1}},"/home/travis/build/npmtest/node-npmtest-estraverse/lib.npmtest_estraverse.js":{"path":"/home/travis/build/npmtest/node-npmtest-estraverse/lib.npmtest_estraverse.js","s":{"1":2,"2":2,"3":2,"4":2,"5":2,"6":2,"7":2,"8":1,"9":2,"10":2,"11":2,"12":2,"13":1,"14":1,"15":1,"16":1},"b":{"1":[2,1,1,1],"2":[1,1,1,1],"3":[1,1],"4":[2,2],"5":[1,1]},"f":{"1":2,"2":2,"3":2},"fnMap":{"1":{"name":"(anonymous_1)","line":12,"loc":{"start":{"line":12,"column":1},"end":{"line":12,"column":13}}},"2":{"name":"(anonymous_2)","line":19,"loc":{"start":{"line":19,"column":5},"end":{"line":19,"column":17}}},"3":{"name":"(anonymous_3)","line":23,"loc":{"start":{"line":23,"column":24},"end":{"line":23,"column":36}}}},"statementMap":{"1":{"start":{"line":12,"column":0},"end":{"line":53,"column":5}},"2":{"start":{"line":14,"column":4},"end":{"line":14,"column":14}},"3":{"start":{"line":19,"column":4},"end":{"line":52,"column":9}},"4":{"start":{"line":21,"column":8},"end":{"line":21,"column":19}},"5":{"start":{"line":23,"column":8},"end":{"line":35,"column":13}},"6":{"start":{"line":24,"column":12},"end":{"line":34,"column":13}},"7":{"start":{"line":25,"column":16},"end":{"line":28,"column":30}},"8":{"start":{"line":30,"column":16},"end":{"line":33,"column":27}},"9":{"start":{"line":37,"column":8},"end":{"line":39,"column":21}},"10":{"start":{"line":41,"column":8},"end":{"line":41,"column":54}},"11":{"start":{"line":43,"column":8},"end":{"line":43,"column":55}},"12":{"start":{"line":45,"column":8},"end":{"line":51,"column":9}},"13":{"start":{"line":46,"column":12},"end":{"line":46,"column":61}},"14":{"start":{"line":48,"column":12},"end":{"line":48,"column":35}},"15":{"start":{"line":49,"column":12},"end":{"line":49,"column":49}},"16":{"start":{"line":50,"column":12},"end":{"line":50,"column":43}}},"branchMap":{"1":{"line":25,"type":"binary-expr","locations":[{"start":{"line":25,"column":23},"end":{"line":25,"column":62}},{"start":{"line":26,"column":20},"end":{"line":26,"column":70}},{"start":{"line":27,"column":20},"end":{"line":27,"column":71}},{"start":{"line":28,"column":20},"end":{"line":28,"column":29}}]},"2":{"line":30,"type":"binary-expr","locations":[{"start":{"line":30,"column":23},"end":{"line":30,"column":37}},{"start":{"line":31,"column":20},"end":{"line":31,"column":61}},{"start":{"line":32,"column":20},"end":{"line":32,"column":70}},{"start":{"line":33,"column":20},"end":{"line":33,"column":26}}]},"3":{"line":37,"type":"cond-expr","locations":[{"start":{"line":38,"column":14},"end":{"line":38,"column":20}},{"start":{"line":39,"column":14},"end":{"line":39,"column":20}}]},"4":{"line":41,"type":"binary-expr","locations":[{"start":{"line":41,"column":16},"end":{"line":41,"column":44}},{"start":{"line":41,"column":48},"end":{"line":41,"column":53}}]},"5":{"line":45,"type":"if","locations":[{"start":{"line":45,"column":8},"end":{"line":45,"column":8}},{"start":{"line":45,"column":8},"end":{"line":45,"column":8}}]}},"code":["/* istanbul instrument in package npmtest_estraverse */","/*jslint","    bitwise: true,","    browser: true,","    maxerr: 8,","    maxlen: 96,","    node: true,","    nomen: true,","    regexp: true,","    stupid: true","*/","(function () {","    'use strict';","    var local;","","","","    // run shared js-env code - pre-init","    (function () {","        // init local","        local = {};","        // init modeJs","        local.modeJs = (function () {","            try {","                return typeof navigator.userAgent === 'string' &&","                    typeof document.querySelector('body') === 'object' &&","                    typeof XMLHttpRequest.prototype.open === 'function' &&","                    'browser';","            } catch (errorCaughtBrowser) {","                return module.exports &&","                    typeof process.versions.node === 'string' &&","                    typeof require('http').createServer === 'function' &&","                    'node';","            }","        }());","        // init global","        local.global = local.modeJs === 'browser'","            ? window","            : global;","        // init utility2_rollup","        local = local.global.utility2_rollup || local;","        // init lib","        local.local = local.npmtest_estraverse = local;","        // init exports","        if (local.modeJs === 'browser') {","            local.global.utility2_npmtest_estraverse = local;","        } else {","            module.exports = local;","            module.exports.__dirname = __dirname;","            module.exports.module = module;","        }","    }());","}());",""],"l":{"12":2,"14":2,"19":2,"21":2,"23":2,"24":2,"25":2,"30":1,"37":2,"41":2,"43":2,"45":2,"46":1,"48":1,"49":1,"50":1}},"/home/travis/build/npmtest/node-npmtest-estraverse/example.js":{"path":"/home/travis/build/npmtest/node-npmtest-estraverse/example.js","s":{"1":2,"2":2,"3":2,"4":2,"5":2,"6":2,"7":2,"8":1,"9":2,"10":2,"11":2,"12":2,"13":1,"14":2,"15":2,"16":2,"17":2,"18":2,"19":0,"20":2,"21":1,"22":1,"23":1,"24":1,"25":1,"26":0,"27":0,"28":1,"29":1,"30":2,"31":0,"32":0,"33":0,"34":1,"35":2,"36":2,"37":2,"38":2,"39":2,"40":2,"41":0,"42":2,"43":2,"44":2,"45":1,"46":3,"47":1,"48":1,"49":1,"50":1,"51":1,"52":1,"53":1,"54":1,"55":1,"56":1,"57":0,"58":1,"59":6,"60":6,"61":1,"62":2,"63":0,"64":2,"65":1,"66":1,"67":0,"68":0,"69":0,"70":0,"71":0,"72":0,"73":0,"74":0,"75":0,"76":0,"77":0,"78":0,"79":0,"80":0,"81":0,"82":0,"83":0},"b":{"1":[2,1,1,1],"2":[1,1,1,1],"3":[1,1],"4":[2,2],"5":[1,1],"6":[1,1],"7":[2,0],"8":[2,1,1,1,1,1],"9":[0,2,0],"10":[1,1],"11":[2,1,1],"12":[1,0],"13":[0,2],"14":[2,0,0,0,0,0,0],"15":[0,2],"16":[2,0],"17":[1,1],"18":[0,1],"19":[1,2,0,2],"20":[1,0],"21":[1,1],"22":[0,0],"23":[0,0],"24":[0,0],"25":[0,0],"26":[0,0],"27":[0,0],"28":[0,0]},"f":{"1":2,"2":2,"3":2,"4":2,"5":2,"6":2,"7":2,"8":2,"9":3,"10":1,"11":6,"12":0},"fnMap":{"1":{"name":"(anonymous_1)","line":26,"loc":{"start":{"line":26,"column":1},"end":{"line":26,"column":13}}},"2":{"name":"(anonymous_2)","line":33,"loc":{"start":{"line":33,"column":5},"end":{"line":33,"column":17}}},"3":{"name":"(anonymous_3)","line":37,"loc":{"start":{"line":37,"column":24},"end":{"line":37,"column":36}}},"4":{"name":"(anonymous_4)","line":69,"loc":{"start":{"line":69,"column":31},"end":{"line":69,"column":48}},"skip":true},"5":{"name":"(anonymous_5)","line":78,"loc":{"start":{"line":78,"column":26},"end":{"line":78,"column":45}},"skip":true},"6":{"name":"(anonymous_6)","line":123,"loc":{"start":{"line":123,"column":33},"end":{"line":123,"column":48}},"skip":true},"7":{"name":"(anonymous_7)","line":125,"loc":{"start":{"line":125,"column":27},"end":{"line":125,"column":39}},"skip":true},"8":{"name":"(anonymous_8)","line":133,"loc":{"start":{"line":133,"column":59},"end":{"line":133,"column":74}},"skip":true},"9":{"name":"(anonymous_9)","line":143,"loc":{"start":{"line":143,"column":45},"end":{"line":143,"column":62}},"skip":true},"10":{"name":"(anonymous_10)","line":144,"loc":{"start":{"line":144,"column":73},"end":{"line":144,"column":92}},"skip":true},"11":{"name":"(anonymous_11)","line":272,"loc":{"start":{"line":272,"column":51},"end":{"line":272,"column":77}},"skip":true},"12":{"name":"(anonymous_12)","line":314,"loc":{"start":{"line":314,"column":32},"end":{"line":314,"column":61}},"skip":true}},"statementMap":{"1":{"start":{"line":26,"column":0},"end":{"line":325,"column":5}},"2":{"start":{"line":28,"column":4},"end":{"line":28,"column":14}},"3":{"start":{"line":33,"column":4},"end":{"line":60,"column":9}},"4":{"start":{"line":35,"column":8},"end":{"line":35,"column":19}},"5":{"start":{"line":37,"column":8},"end":{"line":49,"column":13}},"6":{"start":{"line":38,"column":12},"end":{"line":48,"column":13}},"7":{"start":{"line":39,"column":16},"end":{"line":42,"column":30}},"8":{"start":{"line":44,"column":16},"end":{"line":47,"column":27}},"9":{"start":{"line":51,"column":8},"end":{"line":53,"column":21}},"10":{"start":{"line":55,"column":8},"end":{"line":57,"column":45}},"11":{"start":{"line":59,"column":8},"end":{"line":59,"column":35}},"12":{"start":{"line":61,"column":4},"end":{"line":324,"column":5}},"13":{"start":{"line":69,"column":8},"end":{"line":121,"column":10},"skip":true},"14":{"start":{"line":70,"column":12},"end":{"line":88,"column":13},"skip":true},"15":{"start":{"line":76,"column":16},"end":{"line":87,"column":19},"skip":true},"16":{"start":{"line":79,"column":20},"end":{"line":86,"column":21},"skip":true},"17":{"start":{"line":82,"column":24},"end":{"line":82,"column":43},"skip":true},"18":{"start":{"line":83,"column":24},"end":{"line":83,"column":30},"skip":true},"19":{"start":{"line":85,"column":24},"end":{"line":85,"column":49},"skip":true},"20":{"start":{"line":89,"column":12},"end":{"line":107,"column":13},"skip":true},"21":{"start":{"line":92,"column":16},"end":{"line":102,"column":17},"skip":true},"22":{"start":{"line":93,"column":20},"end":{"line":93,"column":86},"skip":true},"23":{"start":{"line":94,"column":20},"end":{"line":95,"column":45},"skip":true},"24":{"start":{"line":96,"column":20},"end":{"line":96,"column":42},"skip":true},"25":{"start":{"line":97,"column":20},"end":{"line":97,"column":48},"skip":true},"26":{"start":{"line":100,"column":20},"end":{"line":100,"column":85},"skip":true},"27":{"start":{"line":101,"column":20},"end":{"line":101,"column":96},"skip":true},"28":{"start":{"line":103,"column":16},"end":{"line":103,"column":22},"skip":true},"29":{"start":{"line":106,"column":16},"end":{"line":106,"column":22},"skip":true},"30":{"start":{"line":108,"column":12},"end":{"line":120,"column":13},"skip":true},"31":{"start":{"line":114,"column":16},"end":{"line":119,"column":17},"skip":true},"32":{"start":{"line":116,"column":20},"end":{"line":116,"column":78},"skip":true},"33":{"start":{"line":118,"column":20},"end":{"line":118,"column":47},"skip":true},"34":{"start":{"line":123,"column":8},"end":{"line":141,"column":11},"skip":true},"35":{"start":{"line":124,"column":12},"end":{"line":124,"column":54},"skip":true},"36":{"start":{"line":125,"column":12},"end":{"line":140,"column":14},"skip":true},"37":{"start":{"line":126,"column":16},"end":{"line":126,"column":28},"skip":true},"38":{"start":{"line":127,"column":16},"end":{"line":127,"column":69},"skip":true},"39":{"start":{"line":128,"column":16},"end":{"line":128,"column":75},"skip":true},"40":{"start":{"line":129,"column":16},"end":{"line":131,"column":17},"skip":true},"41":{"start":{"line":130,"column":20},"end":{"line":130,"column":27},"skip":true},"42":{"start":{"line":133,"column":16},"end":{"line":137,"column":36},"skip":true},"43":{"start":{"line":134,"column":20},"end":{"line":136,"column":55},"skip":true},"44":{"start":{"line":139,"column":16},"end":{"line":139,"column":57},"skip":true},"45":{"start":{"line":143,"column":8},"end":{"line":147,"column":11},"skip":true},"46":{"start":{"line":144,"column":12},"end":{"line":146,"column":15},"skip":true},"47":{"start":{"line":145,"column":16},"end":{"line":145,"column":70},"skip":true},"48":{"start":{"line":149,"column":8},"end":{"line":149,"column":31},"skip":true},"49":{"start":{"line":150,"column":8},"end":{"line":150,"column":14},"skip":true},"50":{"start":{"line":158,"column":8},"end":{"line":158,"column":31},"skip":true},"51":{"start":{"line":160,"column":8},"end":{"line":160,"column":33},"skip":true},"52":{"start":{"line":161,"column":8},"end":{"line":161,"column":37},"skip":true},"53":{"start":{"line":162,"column":8},"end":{"line":162,"column":35},"skip":true},"54":{"start":{"line":164,"column":8},"end":{"line":164,"column":50},"skip":true},"55":{"start":{"line":166,"column":8},"end":{"line":256,"column":2},"skip":true},"56":{"start":{"line":258,"column":8},"end":{"line":286,"column":9},"skip":true},"57":{"start":{"line":259,"column":12},"end":{"line":269,"column":14},"skip":true},"58":{"start":{"line":271,"column":12},"end":{"line":285,"column":19},"skip":true},"59":{"start":{"line":274,"column":20},"end":{"line":274,"column":35},"skip":true},"60":{"start":{"line":275,"column":20},"end":{"line":284,"column":21},"skip":true},"61":{"start":{"line":277,"column":24},"end":{"line":277,"column":64},"skip":true},"62":{"start":{"line":279,"column":24},"end":{"line":279,"column":40},"skip":true},"63":{"start":{"line":281,"column":24},"end":{"line":281,"column":40},"skip":true},"64":{"start":{"line":283,"column":24},"end":{"line":283,"column":39},"skip":true},"65":{"start":{"line":288,"column":8},"end":{"line":290,"column":9},"skip":true},"66":{"start":{"line":289,"column":12},"end":{"line":289,"column":18},"skip":true},"67":{"start":{"line":291,"column":8},"end":{"line":293,"column":54},"skip":true},"68":{"start":{"line":294,"column":8},"end":{"line":301,"column":37},"skip":true},"69":{"start":{"line":302,"column":8},"end":{"line":302,"column":82},"skip":true},"70":{"start":{"line":305,"column":8},"end":{"line":307,"column":9},"skip":true},"71":{"start":{"line":306,"column":12},"end":{"line":306,"column":82},"skip":true},"72":{"start":{"line":309,"column":8},"end":{"line":311,"column":9},"skip":true},"73":{"start":{"line":310,"column":12},"end":{"line":310,"column":18},"skip":true},"74":{"start":{"line":312,"column":8},"end":{"line":312,"column":54},"skip":true},"75":{"start":{"line":313,"column":8},"end":{"line":313,"column":69},"skip":true},"76":{"start":{"line":314,"column":8},"end":{"line":322,"column":36},"skip":true},"77":{"start":{"line":315,"column":12},"end":{"line":315,"column":61},"skip":true},"78":{"start":{"line":316,"column":12},"end":{"line":319,"column":13},"skip":true},"79":{"start":{"line":317,"column":16},"end":{"line":317,"column":75},"skip":true},"80":{"start":{"line":318,"column":16},"end":{"line":318,"column":23},"skip":true},"81":{"start":{"line":320,"column":12},"end":{"line":320,"column":38},"skip":true},"82":{"start":{"line":321,"column":12},"end":{"line":321,"column":27},"skip":true},"83":{"start":{"line":323,"column":8},"end":{"line":323,"column":14},"skip":true}},"branchMap":{"1":{"line":39,"type":"binary-expr","locations":[{"start":{"line":39,"column":23},"end":{"line":39,"column":62}},{"start":{"line":40,"column":20},"end":{"line":40,"column":70}},{"start":{"line":41,"column":20},"end":{"line":41,"column":71}},{"start":{"line":42,"column":20},"end":{"line":42,"column":29}}]},"2":{"line":44,"type":"binary-expr","locations":[{"start":{"line":44,"column":23},"end":{"line":44,"column":37}},{"start":{"line":45,"column":20},"end":{"line":45,"column":61}},{"start":{"line":46,"column":20},"end":{"line":46,"column":70}},{"start":{"line":47,"column":20},"end":{"line":47,"column":26}}]},"3":{"line":51,"type":"cond-expr","locations":[{"start":{"line":52,"column":14},"end":{"line":52,"column":20}},{"start":{"line":53,"column":14},"end":{"line":53,"column":20}}]},"4":{"line":55,"type":"binary-expr","locations":[{"start":{"line":55,"column":16},"end":{"line":55,"column":44}},{"start":{"line":55,"column":49},"end":{"line":57,"column":43}}]},"5":{"line":55,"type":"cond-expr","locations":[{"start":{"line":56,"column":14},"end":{"line":56,"column":54}},{"start":{"line":57,"column":14},"end":{"line":57,"column":43}}]},"6":{"line":61,"type":"switch","locations":[{"start":{"line":68,"column":4},"end":{"line":150,"column":14},"skip":true},{"start":{"line":156,"column":4},"end":{"line":323,"column":14},"skip":true}]},"7":{"line":70,"type":"if","locations":[{"start":{"line":70,"column":12},"end":{"line":70,"column":12},"skip":true},{"start":{"line":70,"column":12},"end":{"line":70,"column":12},"skip":true}]},"8":{"line":70,"type":"binary-expr","locations":[{"start":{"line":70,"column":16},"end":{"line":70,"column":22},"skip":true},{"start":{"line":70,"column":27},"end":{"line":70,"column":32},"skip":true},{"start":{"line":71,"column":20},"end":{"line":71,"column":39},"skip":true},{"start":{"line":72,"column":20},"end":{"line":72,"column":49},"skip":true},{"start":{"line":73,"column":20},"end":{"line":73,"column":58},"skip":true},{"start":{"line":74,"column":20},"end":{"line":74,"column":69},"skip":true}]},"9":{"line":79,"type":"switch","locations":[{"start":{"line":80,"column":20},"end":{"line":80,"column":33},"skip":true},{"start":{"line":81,"column":20},"end":{"line":83,"column":30},"skip":true},{"start":{"line":84,"column":20},"end":{"line":85,"column":49},"skip":true}]},"10":{"line":89,"type":"switch","locations":[{"start":{"line":90,"column":12},"end":{"line":103,"column":22},"skip":true},{"start":{"line":105,"column":12},"end":{"line":106,"column":22},"skip":true}]},"11":{"line":89,"type":"binary-expr","locations":[{"start":{"line":89,"column":20},"end":{"line":89,"column":25},"skip":true},{"start":{"line":89,"column":29},"end":{"line":89,"column":48},"skip":true},{"start":{"line":89,"column":52},"end":{"line":89,"column":74},"skip":true}]},"12":{"line":92,"type":"if","locations":[{"start":{"line":92,"column":16},"end":{"line":92,"column":16},"skip":true},{"start":{"line":92,"column":16},"end":{"line":92,"column":16},"skip":true}]},"13":{"line":108,"type":"if","locations":[{"start":{"line":108,"column":12},"end":{"line":108,"column":12},"skip":true},{"start":{"line":108,"column":12},"end":{"line":108,"column":12},"skip":true}]},"14":{"line":108,"type":"binary-expr","locations":[{"start":{"line":108,"column":16},"end":{"line":108,"column":61},"skip":true},{"start":{"line":108,"column":66},"end":{"line":108,"column":72},"skip":true},{"start":{"line":108,"column":77},"end":{"line":108,"column":82},"skip":true},{"start":{"line":109,"column":20},"end":{"line":109,"column":39},"skip":true},{"start":{"line":110,"column":20},"end":{"line":110,"column":49},"skip":true},{"start":{"line":111,"column":20},"end":{"line":111,"column":58},"skip":true},{"start":{"line":112,"column":20},"end":{"line":112,"column":68},"skip":true}]},"15":{"line":129,"type":"if","locations":[{"start":{"line":129,"column":16},"end":{"line":129,"column":16},"skip":true},{"start":{"line":129,"column":16},"end":{"line":129,"column":16},"skip":true}]},"16":{"line":134,"type":"cond-expr","locations":[{"start":{"line":135,"column":26},"end":{"line":135,"column":29},"skip":true},{"start":{"line":136,"column":26},"end":{"line":136,"column":54},"skip":true}]},"17":{"line":164,"type":"binary-expr","locations":[{"start":{"line":164,"column":27},"end":{"line":164,"column":43},"skip":true},{"start":{"line":164,"column":47},"end":{"line":164,"column":49},"skip":true}]},"18":{"line":258,"type":"if","locations":[{"start":{"line":258,"column":8},"end":{"line":258,"column":8},"skip":true},{"start":{"line":258,"column":8},"end":{"line":258,"column":8},"skip":true}]},"19":{"line":275,"type":"switch","locations":[{"start":{"line":276,"column":20},"end":{"line":277,"column":64},"skip":true},{"start":{"line":278,"column":20},"end":{"line":279,"column":40},"skip":true},{"start":{"line":280,"column":20},"end":{"line":281,"column":40},"skip":true},{"start":{"line":282,"column":20},"end":{"line":283,"column":39},"skip":true}]},"20":{"line":288,"type":"if","locations":[{"start":{"line":288,"column":8},"end":{"line":288,"column":8},"skip":true},{"start":{"line":288,"column":8},"end":{"line":288,"column":8},"skip":true}]},"21":{"line":288,"type":"binary-expr","locations":[{"start":{"line":288,"column":12},"end":{"line":288,"column":40},"skip":true},{"start":{"line":288,"column":44},"end":{"line":288,"column":67},"skip":true}]},"22":{"line":292,"type":"binary-expr","locations":[{"start":{"line":292,"column":12},"end":{"line":292,"column":50},"skip":true},{"start":{"line":293,"column":12},"end":{"line":293,"column":53},"skip":true}]},"23":{"line":295,"type":"binary-expr","locations":[{"start":{"line":295,"column":12},"end":{"line":295,"column":68},"skip":true},{"start":{"line":296,"column":12},"end":{"line":301,"column":36},"skip":true}]},"24":{"line":302,"type":"binary-expr","locations":[{"start":{"line":302,"column":43},"end":{"line":302,"column":75},"skip":true},{"start":{"line":302,"column":79},"end":{"line":302,"column":81},"skip":true}]},"25":{"line":305,"type":"if","locations":[{"start":{"line":305,"column":8},"end":{"line":305,"column":8},"skip":true},{"start":{"line":305,"column":8},"end":{"line":305,"column":8},"skip":true}]},"26":{"line":309,"type":"if","locations":[{"start":{"line":309,"column":8},"end":{"line":309,"column":8},"skip":true},{"start":{"line":309,"column":8},"end":{"line":309,"column":8},"skip":true}]},"27":{"line":312,"type":"binary-expr","locations":[{"start":{"line":312,"column":27},"end":{"line":312,"column":43},"skip":true},{"start":{"line":312,"column":47},"end":{"line":312,"column":53},"skip":true}]},"28":{"line":316,"type":"if","locations":[{"start":{"line":316,"column":12},"end":{"line":316,"column":12},"skip":true},{"start":{"line":316,"column":12},"end":{"line":316,"column":12},"skip":true}]}},"code":["/*","example.js","","quickstart example","","instruction","    1. save this script as example.js","    2. run the shell command:","        $ npm install npmtest-estraverse && PORT=8081 node example.js","    3. play with the browser-demo on http://127.0.0.1:8081","*/","","","","/* istanbul instrument in package npmtest_estraverse */","/*jslint","    bitwise: true,","    browser: true,","    maxerr: 8,","    maxlen: 96,","    node: true,","    nomen: true,","    regexp: true,","    stupid: true","*/","(function () {","    'use strict';","    var local;","","","","    // run shared js-env code - pre-init","    (function () {","        // init local","        local = {};","        // init modeJs","        local.modeJs = (function () {","            try {","                return typeof navigator.userAgent === 'string' &&","                    typeof document.querySelector('body') === 'object' &&","                    typeof XMLHttpRequest.prototype.open === 'function' &&","                    'browser';","            } catch (errorCaughtBrowser) {","                return module.exports &&","                    typeof process.versions.node === 'string' &&","                    typeof require('http').createServer === 'function' &&","                    'node';","            }","        }());","        // init global","        local.global = local.modeJs === 'browser'","            ? window","            : global;","        // init utility2_rollup","        local = local.global.utility2_rollup || (local.modeJs === 'browser'","            ? local.global.utility2_npmtest_estraverse","            : global.utility2_moduleExports);","        // export local","        local.global.local = local;","    }());","    switch (local.modeJs) {","","","","    // post-init","    // run browser js-env code - post-init","    /* istanbul ignore next */","    case 'browser':","        local.testRunBrowser = function (event) {","            if (!event || (event &&","                    event.currentTarget &&","                    event.currentTarget.className &&","                    event.currentTarget.className.includes &&","                    event.currentTarget.className.includes('onreset'))) {","                // reset output","                Array.from(","                    document.querySelectorAll('body > .resettable')","                ).forEach(function (element) {","                    switch (element.tagName) {","                    case 'INPUT':","                    case 'TEXTAREA':","                        element.value = '';","                        break;","                    default:","                        element.textContent = '';","                    }","                });","            }","            switch (event && event.currentTarget && event.currentTarget.id) {","            case 'testRunButton1':","                // show tests","                if (document.querySelector('#testReportDiv1').style.display === 'none') {","                    document.querySelector('#testReportDiv1').style.display = 'block';","                    document.querySelector('#testRunButton1').textContent =","                        'hide internal test';","                    local.modeTest = true;","                    local.testRunDefault(local);","                // hide tests","                } else {","                    document.querySelector('#testReportDiv1').style.display = 'none';","                    document.querySelector('#testRunButton1').textContent = 'run internal test';","                }","                break;","            // custom-case","            default:","                break;","            }","            if (document.querySelector('#inputTextareaEval1') && (!event || (event &&","                    event.currentTarget &&","                    event.currentTarget.className &&","                    event.currentTarget.className.includes &&","                    event.currentTarget.className.includes('oneval')))) {","                // try to eval input-code","                try {","                    /*jslint evil: true*/","                    eval(document.querySelector('#inputTextareaEval1').value);","                } catch (errorCaught) {","                    console.error(errorCaught);","                }","            }","        };","        // log stderr and stdout to #outputTextareaStdout1","        ['error', 'log'].forEach(function (key) {","            console[key + '_original'] = console[key];","            console[key] = function () {","                var element;","                console[key + '_original'].apply(console, arguments);","                element = document.querySelector('#outputTextareaStdout1');","                if (!element) {","                    return;","                }","                // append text to #outputTextareaStdout1","                element.value += Array.from(arguments).map(function (arg) {","                    return typeof arg === 'string'","                        ? arg","                        : JSON.stringify(arg, null, 4);","                }).join(' ') + '\\n';","                // scroll textarea to bottom","                element.scrollTop = element.scrollHeight;","            };","        });","        // init event-handling","        ['change', 'click', 'keyup'].forEach(function (event) {","            Array.from(document.querySelectorAll('.on' + event)).forEach(function (element) {","                element.addEventListener(event, local.testRunBrowser);","            });","        });","        // run tests","        local.testRunBrowser();","        break;","","","","    // run node js-env code - post-init","    /* istanbul ignore next */","    case 'node':","        // export local","        module.exports = local;","        // require modules","        local.fs = require('fs');","        local.http = require('http');","        local.url = require('url');","        // init assets","        local.assetsDict = local.assetsDict || {};","        /* jslint-ignore-begin */","        local.assetsDict['/assets.index.template.html'] = '\\","<!doctype html>\\n\\","<html lang=\"en\">\\n\\","<head>\\n\\","<meta charset=\"UTF-8\">\\n\\","<meta name=\"viewport\" content=\"width=device-width, initial-scale=1\">\\n\\","<title>{{env.npm_package_name}} (v{{env.npm_package_version}})</title>\\n\\","<style>\\n\\","/*csslint\\n\\","    box-sizing: false,\\n\\","    universal-selector: false\\n\\","*/\\n\\","* {\\n\\","    box-sizing: border-box;\\n\\","}\\n\\","body {\\n\\","    background: #dde;\\n\\","    font-family: Arial, Helvetica, sans-serif;\\n\\","    margin: 2rem;\\n\\","}\\n\\","body > * {\\n\\","    margin-bottom: 1rem;\\n\\","}\\n\\",".utility2FooterDiv {\\n\\","    margin-top: 20px;\\n\\","    text-align: center;\\n\\","}\\n\\","</style>\\n\\","<style>\\n\\","/*csslint\\n\\","*/\\n\\","textarea {\\n\\","    font-family: monospace;\\n\\","    height: 10rem;\\n\\","    width: 100%;\\n\\","}\\n\\","textarea[readonly] {\\n\\","    background: #ddd;\\n\\","}\\n\\","</style>\\n\\","</head>\\n\\","<body>\\n\\","<!-- utility2-comment\\n\\","<div id=\"ajaxProgressDiv1\" style=\"background: #d00; height: 2px; left: 0; margin: 0; padding: 0; position: fixed; top: 0; transition: background 0.5s, width 1.5s; width: 25%;\"></div>\\n\\","utility2-comment -->\\n\\","<h1>\\n\\","<!-- utility2-comment\\n\\","    <a\\n\\","        {{#if env.npm_package_homepage}}\\n\\","        href=\"{{env.npm_package_homepage}}\"\\n\\","        {{/if env.npm_package_homepage}}\\n\\","        target=\"_blank\"\\n\\","    >\\n\\","utility2-comment -->\\n\\","        {{env.npm_package_name}} (v{{env.npm_package_version}})\\n\\","<!-- utility2-comment\\n\\","    </a>\\n\\","utility2-comment -->\\n\\","</h1>\\n\\","<h3>{{env.npm_package_description}}</h3>\\n\\","<!-- utility2-comment\\n\\","<h4><a download href=\"assets.app.js\">download standalone app</a></h4>\\n\\","<button class=\"onclick onreset\" id=\"testRunButton1\">run internal test</button><br>\\n\\","<div id=\"testReportDiv1\" style=\"display: none;\"></div>\\n\\","utility2-comment -->\\n\\","\\n\\","\\n\\","\\n\\","<label>stderr and stdout</label>\\n\\","<textarea class=\"resettable\" id=\"outputTextareaStdout1\" readonly></textarea>\\n\\","<!-- utility2-comment\\n\\","{{#if isRollup}}\\n\\","<script src=\"assets.app.js\"></script>\\n\\","{{#unless isRollup}}\\n\\","utility2-comment -->\\n\\","<script src=\"assets.utility2.rollup.js\"></script>\\n\\","<script src=\"jsonp.utility2._stateInit?callback=window.utility2._stateInit\"></script>\\n\\","<script src=\"assets.npmtest_estraverse.rollup.js\"></script>\\n\\","<script src=\"assets.example.js\"></script>\\n\\","<script src=\"assets.test.js\"></script>\\n\\","<!-- utility2-comment\\n\\","{{/if isRollup}}\\n\\","utility2-comment -->\\n\\","<div class=\"utility2FooterDiv\">\\n\\","    [ this app was created with\\n\\","    <a href=\"https://github.com/kaizhu256/node-utility2\" target=\"_blank\">utility2</a>\\n\\","    ]\\n\\","</div>\\n\\","</body>\\n\\","</html>\\n\\","';","        /* jslint-ignore-end */","        if (local.templateRender) {","            local.assetsDict['/'] = local.templateRender(","                local.assetsDict['/assets.index.template.html'],","                {","                    env: local.objectSetDefault(local.env, {","                        npm_package_description: 'the greatest app in the world!',","                        npm_package_name: 'my-app',","                        npm_package_nameAlias: 'my_app',","                        npm_package_version: '0.0.1'","                    })","                }","            );","        } else {","            local.assetsDict['/'] = local.assetsDict['/assets.index.template.html']","                .replace((/\\{\\{env\\.(\\w+?)\\}\\}/g), function (match0, match1) {","                    // jslint-hack","                    String(match0);","                    switch (match1) {","                    case 'npm_package_description':","                        return 'the greatest app in the world!';","                    case 'npm_package_name':","                        return 'my-app';","                    case 'npm_package_nameAlias':","                        return 'my_app';","                    case 'npm_package_version':","                        return '0.0.1';","                    }","                });","        }","        // run the cli","        if (local.global.utility2_rollup || module !== require.main) {","            break;","        }","        local.assetsDict['/assets.example.js'] =","            local.assetsDict['/assets.example.js'] ||","            local.fs.readFileSync(__filename, 'utf8');","        local.assetsDict['/assets.npmtest_estraverse.rollup.js'] =","            local.assetsDict['/assets.npmtest_estraverse.rollup.js'] ||","            local.fs.readFileSync(","                // buildCustomOrg-hack","                local.npmtest_estraverse.__dirname +","                    '/lib.npmtest_estraverse.js',","                'utf8'","            ).replace((/^#!/), '//');","        local.assetsDict['/favicon.ico'] = local.assetsDict['/favicon.ico'] || '';","        // if $npm_config_timeout_exit exists,","        // then exit this process after $npm_config_timeout_exit ms","        if (Number(process.env.npm_config_timeout_exit)) {","            setTimeout(process.exit, Number(process.env.npm_config_timeout_exit));","        }","        // start server","        if (local.global.utility2_serverHttp1) {","            break;","        }","        process.env.PORT = process.env.PORT || '8081';","        console.error('server starting on port ' + process.env.PORT);","        local.http.createServer(function (request, response) {","            request.urlParsed = local.url.parse(request.url);","            if (local.assetsDict[request.urlParsed.pathname] !== undefined) {","                response.end(local.assetsDict[request.urlParsed.pathname]);","                return;","            }","            response.statusCode = 404;","            response.end();","        }).listen(process.env.PORT);","        break;","    }","}());",""],"l":{"26":2,"28":2,"33":2,"35":2,"37":2,"38":2,"39":2,"44":1,"51":2,"55":2,"59":2,"61":2,"69":1,"70":2,"76":2,"79":2,"82":2,"83":2,"85":1,"89":2,"92":1,"93":1,"94":1,"96":1,"97":1,"100":1,"101":1,"103":1,"106":1,"108":2,"114":1,"116":1,"118":1,"123":1,"124":2,"125":2,"126":2,"127":2,"128":2,"129":2,"130":1,"133":2,"134":2,"139":2,"143":1,"144":3,"145":1,"149":1,"150":1,"158":1,"160":1,"161":1,"162":1,"164":1,"166":1,"258":1,"259":1,"271":1,"274":6,"275":6,"277":1,"279":2,"281":1,"283":2,"288":1,"289":1,"291":1,"294":1,"302":1,"305":1,"306":1,"309":1,"310":1,"312":1,"313":1,"314":1,"315":1,"316":1,"317":1,"318":1,"320":1,"321":1,"323":1}},"/home/travis/build/npmtest/node-npmtest-estraverse/node_modules/estraverse/estraverse.js":{"path":"/home/travis/build/npmtest/node-npmtest-estraverse/node_modules/estraverse/estraverse.js","s":{"1":1,"2":1,"3":1,"4":1,"5":1,"6":0,"7":0,"8":1,"9":0,"10":0,"11":0,"12":0,"13":0,"14":0,"15":0,"16":0,"17":1,"18":0,"19":0,"20":0,"21":0,"22":0,"23":1,"24":1,"25":0,"26":0,"27":0,"28":0,"29":0,"30":0,"31":0,"32":0,"33":0,"34":0,"35":0,"36":1,"37":0,"38":0,"39":0,"40":0,"41":0,"42":0,"43":0,"44":0,"45":0,"46":0,"47":0,"48":1,"49":1,"50":1,"51":0,"52":0,"53":0,"54":1,"55":0,"56":0,"57":0,"58":0,"59":1,"60":0,"61":0,"62":0,"63":0,"64":0,"65":1,"66":1,"67":1,"68":1,"69":1,"70":1,"71":1,"72":0,"73":0,"74":1,"75":0,"76":1,"77":0,"78":0,"79":0,"80":0,"81":0,"82":1,"83":0,"84":0,"85":0,"86":0,"87":1,"88":1,"89":0,"90":1,"91":0,"92":0,"93":0,"94":0,"95":0,"96":0,"97":0,"98":0,"99":0,"100":0,"101":0,"102":0,"103":1,"104":0,"105":0,"106":1,"107":0,"108":0,"109":0,"110":0,"111":0,"112":1,"113":0,"114":1,"115":0,"116":0,"117":0,"118":0,"119":0,"120":0,"121":0,"122":0,"123":0,"124":1,"125":0,"126":1,"127":0,"128":1,"129":0,"130":1,"131":0,"132":1,"133":0,"134":0,"135":0,"136":0,"137":0,"138":0,"139":0,"140":0,"141":0,"142":0,"143":0,"144":0,"145":0,"146":0,"147":1,"148":0,"149":0,"150":0,"151":1,"152":0,"153":1,"154":0,"155":0,"156":0,"157":0,"158":0,"159":0,"160":0,"161":0,"162":0,"163":0,"164":0,"165":0,"166":0,"167":0,"168":0,"169":0,"170":0,"171":0,"172":0,"173":0,"174":0,"175":0,"176":0,"177":0,"178":0,"179":0,"180":0,"181":0,"182":0,"183":0,"184":0,"185":0,"186":0,"187":0,"188":0,"189":0,"190":0,"191":0,"192":0,"193":0,"194":0,"195":0,"196":0,"197":0,"198":0,"199":0,"200":0,"201":0,"202":0,"203":1,"204":0,"205":1,"206":0,"207":0,"208":0,"209":0,"210":0,"211":0,"212":0,"213":0,"214":0,"215":0,"216":0,"217":0,"218":0,"219":0,"220":0,"221":0,"222":0,"223":0,"224":0,"225":0,"226":0,"227":0,"228":0,"229":0,"230":0,"231":0,"232":0,"233":0,"234":0,"235":0,"236":0,"237":0,"238":0,"239":0,"240":0,"241":0,"242":0,"243":0,"244":0,"245":0,"246":0,"247":0,"248":0,"249":0,"250":0,"251":0,"252":0,"253":0,"254":0,"255":0,"256":0,"257":0,"258":0,"259":0,"260":0,"261":0,"262":0,"263":0,"264":0,"265":0,"266":0,"267":0,"268":0,"269":0,"270":0,"271":0,"272":0,"273":0,"274":0,"275":0,"276":0,"277":0,"278":0,"279":1,"280":0,"281":0,"282":1,"283":0,"284":0,"285":1,"286":0,"287":0,"288":0,"289":0,"290":0,"291":0,"292":0,"293":0,"294":0,"295":0,"296":1,"297":0,"298":0,"299":0,"300":0,"301":0,"302":0,"303":0,"304":0,"305":0,"306":0,"307":0,"308":0,"309":0,"310":0,"311":0,"312":0,"313":0,"314":0,"315":0,"316":0,"317":0,"318":0,"319":0,"320":0,"321":0,"322":0,"323":0,"324":0,"325":0,"326":0,"327":0,"328":0,"329":0,"330":0,"331":0,"332":0,"333":0,"334":0,"335":0,"336":0,"337":0,"338":0,"339":0,"340":0,"341":0,"342":0,"343":0,"344":0,"345":1,"346":1,"347":1,"348":1,"349":1,"350":1,"351":1,"352":1,"353":1,"354":0,"355":1},"b":{"1":[0,1],"2":[0,0],"3":[0,0],"4":[0,0],"5":[0,0],"6":[0,0],"7":[0,0],"8":[1,0],"9":[1,0],"10":[0,0],"11":[0,0],"12":[0,0],"13":[0,0],"14":[0,0],"15":[0,0],"16":[0,0],"17":[0,0],"18":[0,0],"19":[0,0],"20":[0,0,0],"21":[0,0],"22":[0,0],"23":[0,0],"24":[0,0],"25":[0,0],"26":[0,0],"27":[0,0],"28":[0,0],"29":[0,0],"30":[0,0],"31":[0,0],"32":[0,0],"33":[0,0],"34":[0,0],"35":[0,0],"36":[0,0],"37":[0,0],"38":[0,0],"39":[0,0],"40":[0,0],"41":[0,0],"42":[0,0],"43":[0,0],"44":[0,0,0,0],"45":[0,0],"46":[0,0],"47":[0,0],"48":[0,0],"49":[0,0],"50":[0,0,0,0],"51":[0,0],"52":[0,0],"53":[0,0],"54":[0,0],"55":[0,0],"56":[0,0],"57":[0,0],"58":[0,0],"59":[0,0],"60":[0,0],"61":[0,0],"62":[0,0],"63":[0,0],"64":[0,0],"65":[0,0],"66":[0,0],"67":[0,0],"68":[0,0],"69":[0,0],"70":[0,0],"71":[0,0],"72":[0,0],"73":[0,0],"74":[0,0],"75":[0,0],"76":[0,0],"77":[0,0],"78":[0,0],"79":[0,0],"80":[0,0],"81":[0,0]},"f":{"1":1,"2":2,"3":0,"4":0,"5":0,"6":0,"7":0,"8":0,"9":0,"10":0,"11":0,"12":0,"13":0,"14":0,"15":0,"16":0,"17":0,"18":0,"19":0,"20":0,"21":0,"22":0,"23":0,"24":0,"25":0,"26":0,"27":0,"28":0,"29":0,"30":0,"31":0,"32":0,"33":0,"34":0,"35":0,"36":0,"37":0,"38":0,"39":0,"40":0,"41":0},"fnMap":{"1":{"name":"clone","line":28,"loc":{"start":{"line":28,"column":1},"end":{"line":28,"column":25}}},"2":{"name":"ignoreJSHintError","line":41,"loc":{"start":{"line":41,"column":4},"end":{"line":41,"column":33}}},"3":{"name":"isArray","line":45,"loc":{"start":{"line":45,"column":18},"end":{"line":45,"column":42}}},"4":{"name":"deepCopy","line":50,"loc":{"start":{"line":50,"column":4},"end":{"line":50,"column":27}}},"5":{"name":"shallowCopy","line":65,"loc":{"start":{"line":65,"column":4},"end":{"line":65,"column":30}}},"6":{"name":"upperBound","line":79,"loc":{"start":{"line":79,"column":4},"end":{"line":79,"column":37}}},"7":{"name":"lowerBound","line":98,"loc":{"start":{"line":98,"column":4},"end":{"line":98,"column":37}}},"8":{"name":"(anonymous_8)","line":118,"loc":{"start":{"line":118,"column":37},"end":{"line":118,"column":49}}},"9":{"name":"F","line":119,"loc":{"start":{"line":119,"column":8},"end":{"line":119,"column":21}}},"10":{"name":"(anonymous_10)","line":121,"loc":{"start":{"line":121,"column":15},"end":{"line":121,"column":28}}},"11":{"name":"(anonymous_11)","line":127,"loc":{"start":{"line":127,"column":32},"end":{"line":127,"column":45}}},"12":{"name":"extend","line":135,"loc":{"start":{"line":135,"column":4},"end":{"line":135,"column":30}}},"13":{"name":"Reference","line":303,"loc":{"start":{"line":303,"column":4},"end":{"line":303,"column":36}}},"14":{"name":"replace","line":308,"loc":{"start":{"line":308,"column":34},"end":{"line":308,"column":57}}},"15":{"name":"remove","line":312,"loc":{"start":{"line":312,"column":33},"end":{"line":312,"column":51}}},"16":{"name":"Element","line":322,"loc":{"start":{"line":322,"column":4},"end":{"line":322,"column":44}}},"17":{"name":"Controller","line":329,"loc":{"start":{"line":329,"column":4},"end":{"line":329,"column":26}}},"18":{"name":"path","line":333,"loc":{"start":{"line":333,"column":32},"end":{"line":333,"column":48}}},"19":{"name":"addToPath","line":336,"loc":{"start":{"line":336,"column":8},"end":{"line":336,"column":41}}},"20":{"name":"(anonymous_20)","line":363,"loc":{"start":{"line":363,"column":32},"end":{"line":363,"column":44}}},"21":{"name":"parents","line":370,"loc":{"start":{"line":370,"column":35},"end":{"line":370,"column":54}}},"22":{"name":"current","line":384,"loc":{"start":{"line":384,"column":35},"end":{"line":384,"column":54}}},"23":{"name":"__execute","line":388,"loc":{"start":{"line":388,"column":37},"end":{"line":388,"column":75}}},"24":{"name":"notify","line":406,"loc":{"start":{"line":406,"column":34},"end":{"line":406,"column":56}}},"25":{"name":"(anonymous_25)","line":412,"loc":{"start":{"line":412,"column":32},"end":{"line":412,"column":44}}},"26":{"name":"(anonymous_26)","line":418,"loc":{"start":{"line":418,"column":36},"end":{"line":418,"column":48}}},"27":{"name":"(anonymous_27)","line":424,"loc":{"start":{"line":424,"column":34},"end":{"line":424,"column":46}}},"28":{"name":"(anonymous_28)","line":428,"loc":{"start":{"line":428,"column":40},"end":{"line":428,"column":64}}},"29":{"name":"isNode","line":448,"loc":{"start":{"line":448,"column":4},"end":{"line":448,"column":26}}},"30":{"name":"isProperty","line":455,"loc":{"start":{"line":455,"column":4},"end":{"line":455,"column":39}}},"31":{"name":"traverse","line":459,"loc":{"start":{"line":459,"column":36},"end":{"line":459,"column":69}}},"32":{"name":"replace","line":556,"loc":{"start":{"line":556,"column":35},"end":{"line":556,"column":67}}},"33":{"name":"removeElem","line":571,"loc":{"start":{"line":571,"column":8},"end":{"line":571,"column":37}}},"34":{"name":"traverse","line":711,"loc":{"start":{"line":711,"column":4},"end":{"line":711,"column":37}}},"35":{"name":"replace","line":716,"loc":{"start":{"line":716,"column":4},"end":{"line":716,"column":36}}},"36":{"name":"extendCommentRange","line":721,"loc":{"start":{"line":721,"column":4},"end":{"line":721,"column":49}}},"37":{"name":"search","line":724,"loc":{"start":{"line":724,"column":36},"end":{"line":724,"column":59}}},"38":{"name":"attachComments","line":742,"loc":{"start":{"line":742,"column":4},"end":{"line":742,"column":60}}},"39":{"name":"(anonymous_39)","line":770,"loc":{"start":{"line":770,"column":19},"end":{"line":770,"column":35}}},"40":{"name":"(anonymous_40)","line":803,"loc":{"start":{"line":803,"column":19},"end":{"line":803,"column":35}}},"41":{"name":"(anonymous_41)","line":845,"loc":{"start":{"line":845,"column":31},"end":{"line":845,"column":43}}}},"statementMap":{"1":{"start":{"line":28,"column":0},"end":{"line":848,"column":12}},"2":{"start":{"line":31,"column":4},"end":{"line":39,"column":15}},"3":{"start":{"line":41,"column":4},"end":{"line":41,"column":36}},"4":{"start":{"line":43,"column":4},"end":{"line":43,"column":28}},"5":{"start":{"line":44,"column":4},"end":{"line":48,"column":5}},"6":{"start":{"line":45,"column":8},"end":{"line":47,"column":10}},"7":{"start":{"line":46,"column":12},"end":{"line":46,"column":78}},"8":{"start":{"line":50,"column":4},"end":{"line":63,"column":5}},"9":{"start":{"line":51,"column":8},"end":{"line":51,"column":31}},"10":{"start":{"line":52,"column":8},"end":{"line":61,"column":9}},"11":{"start":{"line":53,"column":12},"end":{"line":60,"column":13}},"12":{"start":{"line":54,"column":16},"end":{"line":54,"column":31}},"13":{"start":{"line":55,"column":16},"end":{"line":59,"column":17}},"14":{"start":{"line":56,"column":20},"end":{"line":56,"column":45}},"15":{"start":{"line":58,"column":20},"end":{"line":58,"column":35}},"16":{"start":{"line":62,"column":8},"end":{"line":62,"column":19}},"17":{"start":{"line":65,"column":4},"end":{"line":73,"column":5}},"18":{"start":{"line":66,"column":8},"end":{"line":66,"column":26}},"19":{"start":{"line":67,"column":8},"end":{"line":71,"column":9}},"20":{"start":{"line":68,"column":12},"end":{"line":70,"column":13}},"21":{"start":{"line":69,"column":16},"end":{"line":69,"column":36}},"22":{"start":{"line":72,"column":8},"end":{"line":72,"column":19}},"23":{"start":{"line":74,"column":4},"end":{"line":74,"column":35}},"24":{"start":{"line":79,"column":4},"end":{"line":96,"column":5}},"25":{"start":{"line":80,"column":8},"end":{"line":80,"column":34}},"26":{"start":{"line":82,"column":8},"end":{"line":82,"column":27}},"27":{"start":{"line":83,"column":8},"end":{"line":83,"column":14}},"28":{"start":{"line":85,"column":8},"end":{"line":94,"column":9}},"29":{"start":{"line":86,"column":12},"end":{"line":86,"column":29}},"30":{"start":{"line":87,"column":12},"end":{"line":87,"column":31}},"31":{"start":{"line":88,"column":12},"end":{"line":93,"column":13}},"32":{"start":{"line":89,"column":16},"end":{"line":89,"column":27}},"33":{"start":{"line":91,"column":16},"end":{"line":91,"column":32}},"34":{"start":{"line":92,"column":16},"end":{"line":92,"column":32}},"35":{"start":{"line":95,"column":8},"end":{"line":95,"column":17}},"36":{"start":{"line":98,"column":4},"end":{"line":115,"column":5}},"37":{"start":{"line":99,"column":8},"end":{"line":99,"column":34}},"38":{"start":{"line":101,"column":8},"end":{"line":101,"column":27}},"39":{"start":{"line":102,"column":8},"end":{"line":102,"column":14}},"40":{"start":{"line":104,"column":8},"end":{"line":113,"column":9}},"41":{"start":{"line":105,"column":12},"end":{"line":105,"column":29}},"42":{"start":{"line":106,"column":12},"end":{"line":106,"column":31}},"43":{"start":{"line":107,"column":12},"end":{"line":112,"column":13}},"44":{"start":{"line":108,"column":16},"end":{"line":108,"column":32}},"45":{"start":{"line":109,"column":16},"end":{"line":109,"column":32}},"46":{"start":{"line":111,"column":16},"end":{"line":111,"column":27}},"47":{"start":{"line":114,"column":8},"end":{"line":114,"column":17}},"48":{"start":{"line":116,"column":4},"end":{"line":116,"column":34}},"49":{"start":{"line":118,"column":4},"end":{"line":125,"column":9}},"50":{"start":{"line":119,"column":8},"end":{"line":119,"column":24}},"51":{"start":{"line":121,"column":8},"end":{"line":124,"column":10}},"52":{"start":{"line":122,"column":12},"end":{"line":122,"column":28}},"53":{"start":{"line":123,"column":12},"end":{"line":123,"column":27}},"54":{"start":{"line":127,"column":4},"end":{"line":133,"column":6}},"55":{"start":{"line":128,"column":8},"end":{"line":128,"column":27}},"56":{"start":{"line":129,"column":8},"end":{"line":131,"column":9}},"57":{"start":{"line":130,"column":12},"end":{"line":130,"column":27}},"58":{"start":{"line":132,"column":8},"end":{"line":132,"column":20}},"59":{"start":{"line":135,"column":4},"end":{"line":142,"column":5}},"60":{"start":{"line":136,"column":8},"end":{"line":136,"column":49}},"61":{"start":{"line":137,"column":8},"end":{"line":140,"column":9}},"62":{"start":{"line":138,"column":12},"end":{"line":138,"column":26}},"63":{"start":{"line":139,"column":12},"end":{"line":139,"column":32}},"64":{"start":{"line":141,"column":8},"end":{"line":141,"column":18}},"65":{"start":{"line":144,"column":4},"end":{"line":216,"column":6}},"66":{"start":{"line":218,"column":4},"end":{"line":290,"column":6}},"67":{"start":{"line":293,"column":4},"end":{"line":293,"column":15}},"68":{"start":{"line":294,"column":4},"end":{"line":294,"column":14}},"69":{"start":{"line":295,"column":4},"end":{"line":295,"column":16}},"70":{"start":{"line":297,"column":4},"end":{"line":301,"column":6}},"71":{"start":{"line":303,"column":4},"end":{"line":306,"column":5}},"72":{"start":{"line":304,"column":8},"end":{"line":304,"column":29}},"73":{"start":{"line":305,"column":8},"end":{"line":305,"column":23}},"74":{"start":{"line":308,"column":4},"end":{"line":310,"column":6}},"75":{"start":{"line":309,"column":8},"end":{"line":309,"column":37}},"76":{"start":{"line":312,"column":4},"end":{"line":320,"column":6}},"77":{"start":{"line":313,"column":8},"end":{"line":319,"column":9}},"78":{"start":{"line":314,"column":12},"end":{"line":314,"column":44}},"79":{"start":{"line":315,"column":12},"end":{"line":315,"column":24}},"80":{"start":{"line":317,"column":12},"end":{"line":317,"column":31}},"81":{"start":{"line":318,"column":12},"end":{"line":318,"column":25}},"82":{"start":{"line":322,"column":4},"end":{"line":327,"column":5}},"83":{"start":{"line":323,"column":8},"end":{"line":323,"column":25}},"84":{"start":{"line":324,"column":8},"end":{"line":324,"column":25}},"85":{"start":{"line":325,"column":8},"end":{"line":325,"column":25}},"86":{"start":{"line":326,"column":8},"end":{"line":326,"column":23}},"87":{"start":{"line":329,"column":4},"end":{"line":329,"column":29}},"88":{"start":{"line":333,"column":4},"end":{"line":359,"column":6}},"89":{"start":{"line":334,"column":8},"end":{"line":334,"column":42}},"90":{"start":{"line":336,"column":8},"end":{"line":344,"column":9}},"91":{"start":{"line":337,"column":12},"end":{"line":343,"column":13}},"92":{"start":{"line":338,"column":16},"end":{"line":340,"column":17}},"93":{"start":{"line":339,"column":20},"end":{"line":339,"column":41}},"94":{"start":{"line":342,"column":16},"end":{"line":342,"column":34}},"95":{"start":{"line":347,"column":8},"end":{"line":349,"column":9}},"96":{"start":{"line":348,"column":12},"end":{"line":348,"column":24}},"97":{"start":{"line":352,"column":8},"end":{"line":352,"column":20}},"98":{"start":{"line":353,"column":8},"end":{"line":356,"column":9}},"99":{"start":{"line":354,"column":12},"end":{"line":354,"column":42}},"100":{"start":{"line":355,"column":12},"end":{"line":355,"column":44}},"101":{"start":{"line":357,"column":8},"end":{"line":357,"column":47}},"102":{"start":{"line":358,"column":8},"end":{"line":358,"column":22}},"103":{"start":{"line":363,"column":4},"end":{"line":366,"column":6}},"104":{"start":{"line":364,"column":8},"end":{"line":364,"column":34}},"105":{"start":{"line":365,"column":8},"end":{"line":365,"column":48}},"106":{"start":{"line":370,"column":4},"end":{"line":380,"column":6}},"107":{"start":{"line":371,"column":8},"end":{"line":371,"column":26}},"108":{"start":{"line":374,"column":8},"end":{"line":374,"column":20}},"109":{"start":{"line":375,"column":8},"end":{"line":377,"column":9}},"110":{"start":{"line":376,"column":12},"end":{"line":376,"column":50}},"111":{"start":{"line":379,"column":8},"end":{"line":379,"column":22}},"112":{"start":{"line":384,"column":4},"end":{"line":386,"column":6}},"113":{"start":{"line":385,"column":8},"end":{"line":385,"column":35}},"114":{"start":{"line":388,"column":4},"end":{"line":402,"column":6}},"115":{"start":{"line":389,"column":8},"end":{"line":389,"column":29}},"116":{"start":{"line":391,"column":8},"end":{"line":391,"column":27}},"117":{"start":{"line":393,"column":8},"end":{"line":393,"column":35}},"118":{"start":{"line":394,"column":8},"end":{"line":394,"column":33}},"119":{"start":{"line":395,"column":8},"end":{"line":395,"column":28}},"120":{"start":{"line":396,"column":8},"end":{"line":398,"column":9}},"121":{"start":{"line":397,"column":12},"end":{"line":397,"column":107}},"122":{"start":{"line":399,"column":8},"end":{"line":399,"column":34}},"123":{"start":{"line":401,"column":8},"end":{"line":401,"column":22}},"124":{"start":{"line":406,"column":4},"end":{"line":408,"column":6}},"125":{"start":{"line":407,"column":8},"end":{"line":407,"column":28}},"126":{"start":{"line":412,"column":4},"end":{"line":414,"column":6}},"127":{"start":{"line":413,"column":8},"end":{"line":413,"column":26}},"128":{"start":{"line":418,"column":4},"end":{"line":420,"column":6}},"129":{"start":{"line":419,"column":8},"end":{"line":419,"column":27}},"130":{"start":{"line":424,"column":4},"end":{"line":426,"column":6}},"131":{"start":{"line":425,"column":8},"end":{"line":425,"column":28}},"132":{"start":{"line":428,"column":4},"end":{"line":446,"column":6}},"133":{"start":{"line":429,"column":8},"end":{"line":429,"column":31}},"134":{"start":{"line":430,"column":8},"end":{"line":430,"column":25}},"135":{"start":{"line":431,"column":8},"end":{"line":431,"column":29}},"136":{"start":{"line":432,"column":8},"end":{"line":432,"column":30}},"137":{"start":{"line":433,"column":8},"end":{"line":433,"column":30}},"138":{"start":{"line":434,"column":8},"end":{"line":434,"column":28}},"139":{"start":{"line":435,"column":8},"end":{"line":435,"column":31}},"140":{"start":{"line":436,"column":8},"end":{"line":440,"column":9}},"141":{"start":{"line":437,"column":12},"end":{"line":437,"column":41}},"142":{"start":{"line":438,"column":15},"end":{"line":440,"column":9}},"143":{"start":{"line":439,"column":12},"end":{"line":439,"column":47}},"144":{"start":{"line":442,"column":8},"end":{"line":442,"column":34}},"145":{"start":{"line":443,"column":8},"end":{"line":445,"column":9}},"146":{"start":{"line":444,"column":12},"end":{"line":444,"column":74}},"147":{"start":{"line":448,"column":4},"end":{"line":453,"column":5}},"148":{"start":{"line":449,"column":8},"end":{"line":451,"column":9}},"149":{"start":{"line":450,"column":12},"end":{"line":450,"column":25}},"150":{"start":{"line":452,"column":8},"end":{"line":452,"column":73}},"151":{"start":{"line":455,"column":4},"end":{"line":457,"column":5}},"152":{"start":{"line":456,"column":8},"end":{"line":456,"column":115}},"153":{"start":{"line":459,"column":4},"end":{"line":554,"column":6}},"154":{"start":{"line":460,"column":8},"end":{"line":471,"column":21}},"155":{"start":{"line":473,"column":8},"end":{"line":473,"column":41}},"156":{"start":{"line":475,"column":8},"end":{"line":475,"column":22}},"157":{"start":{"line":478,"column":8},"end":{"line":478,"column":35}},"158":{"start":{"line":479,"column":8},"end":{"line":479,"column":37}},"159":{"start":{"line":482,"column":8},"end":{"line":482,"column":59}},"160":{"start":{"line":483,"column":8},"end":{"line":483,"column":60}},"161":{"start":{"line":485,"column":8},"end":{"line":553,"column":9}},"162":{"start":{"line":486,"column":12},"end":{"line":486,"column":37}},"163":{"start":{"line":488,"column":12},"end":{"line":497,"column":13}},"164":{"start":{"line":489,"column":16},"end":{"line":489,"column":42}},"165":{"start":{"line":491,"column":16},"end":{"line":491,"column":61}},"166":{"start":{"line":493,"column":16},"end":{"line":495,"column":17}},"167":{"start":{"line":494,"column":20},"end":{"line":494,"column":27}},"168":{"start":{"line":496,"column":16},"end":{"line":496,"column":25}},"169":{"start":{"line":499,"column":12},"end":{"line":552,"column":13}},"170":{"start":{"line":501,"column":16},"end":{"line":501,"column":61}},"171":{"start":{"line":503,"column":16},"end":{"line":505,"column":17}},"172":{"start":{"line":504,"column":20},"end":{"line":504,"column":27}},"173":{"start":{"line":507,"column":16},"end":{"line":507,"column":40}},"174":{"start":{"line":508,"column":16},"end":{"line":508,"column":40}},"175":{"start":{"line":510,"column":16},"end":{"line":512,"column":17}},"176":{"start":{"line":511,"column":20},"end":{"line":511,"column":29}},"177":{"start":{"line":514,"column":16},"end":{"line":514,"column":36}},"178":{"start":{"line":515,"column":16},"end":{"line":515,"column":53}},"179":{"start":{"line":516,"column":16},"end":{"line":516,"column":51}},"180":{"start":{"line":517,"column":16},"end":{"line":523,"column":17}},"181":{"start":{"line":518,"column":20},"end":{"line":522,"column":21}},"182":{"start":{"line":519,"column":24},"end":{"line":519,"column":59}},"183":{"start":{"line":521,"column":24},"end":{"line":521,"column":79}},"184":{"start":{"line":525,"column":16},"end":{"line":525,"column":44}},"185":{"start":{"line":526,"column":16},"end":{"line":551,"column":17}},"186":{"start":{"line":527,"column":20},"end":{"line":527,"column":46}},"187":{"start":{"line":528,"column":20},"end":{"line":528,"column":42}},"188":{"start":{"line":529,"column":20},"end":{"line":531,"column":21}},"189":{"start":{"line":530,"column":24},"end":{"line":530,"column":33}},"190":{"start":{"line":533,"column":20},"end":{"line":550,"column":21}},"191":{"start":{"line":534,"column":24},"end":{"line":534,"column":52}},"192":{"start":{"line":535,"column":24},"end":{"line":547,"column":25}},"193":{"start":{"line":536,"column":28},"end":{"line":538,"column":29}},"194":{"start":{"line":537,"column":32},"end":{"line":537,"column":41}},"195":{"start":{"line":539,"column":28},"end":{"line":545,"column":29}},"196":{"start":{"line":540,"column":32},"end":{"line":540,"column":110}},"197":{"start":{"line":541,"column":35},"end":{"line":545,"column":29}},"198":{"start":{"line":542,"column":32},"end":{"line":542,"column":104}},"199":{"start":{"line":544,"column":32},"end":{"line":544,"column":41}},"200":{"start":{"line":546,"column":28},"end":{"line":546,"column":51}},"201":{"start":{"line":548,"column":27},"end":{"line":550,"column":21}},"202":{"start":{"line":549,"column":24},"end":{"line":549,"column":79}},"203":{"start":{"line":556,"column":4},"end":{"line":709,"column":6}},"204":{"start":{"line":557,"column":8},"end":{"line":569,"column":16}},"205":{"start":{"line":571,"column":8},"end":{"line":594,"column":9}},"206":{"start":{"line":572,"column":12},"end":{"line":575,"column":23}},"207":{"start":{"line":577,"column":12},"end":{"line":593,"column":13}},"208":{"start":{"line":579,"column":16},"end":{"line":579,"column":38}},"209":{"start":{"line":580,"column":16},"end":{"line":580,"column":44}},"210":{"start":{"line":583,"column":16},"end":{"line":583,"column":36}},"211":{"start":{"line":584,"column":16},"end":{"line":592,"column":17}},"212":{"start":{"line":585,"column":20},"end":{"line":585,"column":43}},"213":{"start":{"line":586,"column":20},"end":{"line":591,"column":21}},"214":{"start":{"line":587,"column":24},"end":{"line":589,"column":25}},"215":{"start":{"line":588,"column":28},"end":{"line":588,"column":34}},"216":{"start":{"line":590,"column":24},"end":{"line":590,"column":43}},"217":{"start":{"line":596,"column":8},"end":{"line":596,"column":41}},"218":{"start":{"line":598,"column":8},"end":{"line":598,"column":22}},"219":{"start":{"line":601,"column":8},"end":{"line":601,"column":35}},"220":{"start":{"line":602,"column":8},"end":{"line":602,"column":37}},"221":{"start":{"line":605,"column":8},"end":{"line":607,"column":10}},"222":{"start":{"line":608,"column":8},"end":{"line":608,"column":78}},"223":{"start":{"line":609,"column":8},"end":{"line":609,"column":31}},"224":{"start":{"line":610,"column":8},"end":{"line":610,"column":32}},"225":{"start":{"line":612,"column":8},"end":{"line":706,"column":9}},"226":{"start":{"line":613,"column":12},"end":{"line":613,"column":37}},"227":{"start":{"line":615,"column":12},"end":{"line":635,"column":13}},"228":{"start":{"line":616,"column":16},"end":{"line":616,"column":42}},"229":{"start":{"line":618,"column":16},"end":{"line":618,"column":64}},"230":{"start":{"line":622,"column":16},"end":{"line":625,"column":17}},"231":{"start":{"line":624,"column":20},"end":{"line":624,"column":48}},"232":{"start":{"line":627,"column":16},"end":{"line":629,"column":17}},"233":{"start":{"line":628,"column":20},"end":{"line":628,"column":40}},"234":{"start":{"line":631,"column":16},"end":{"line":633,"column":17}},"235":{"start":{"line":632,"column":20},"end":{"line":632,"column":38}},"236":{"start":{"line":634,"column":16},"end":{"line":634,"column":25}},"237":{"start":{"line":637,"column":12},"end":{"line":637,"column":60}},"238":{"start":{"line":641,"column":12},"end":{"line":645,"column":13}},"239":{"start":{"line":643,"column":16},"end":{"line":643,"column":44}},"240":{"start":{"line":644,"column":16},"end":{"line":644,"column":38}},"241":{"start":{"line":647,"column":12},"end":{"line":650,"column":13}},"242":{"start":{"line":648,"column":16},"end":{"line":648,"column":36}},"243":{"start":{"line":649,"column":16},"end":{"line":649,"column":36}},"244":{"start":{"line":652,"column":12},"end":{"line":654,"column":13}},"245":{"start":{"line":653,"column":16},"end":{"line":653,"column":34}},"246":{"start":{"line":657,"column":12},"end":{"line":657,"column":32}},"247":{"start":{"line":658,"column":12},"end":{"line":660,"column":13}},"248":{"start":{"line":659,"column":16},"end":{"line":659,"column":25}},"249":{"start":{"line":662,"column":12},"end":{"line":662,"column":36}},"250":{"start":{"line":663,"column":12},"end":{"line":663,"column":36}},"251":{"start":{"line":665,"column":12},"end":{"line":667,"column":13}},"252":{"start":{"line":666,"column":16},"end":{"line":666,"column":25}},"253":{"start":{"line":669,"column":12},"end":{"line":669,"column":49}},"254":{"start":{"line":670,"column":12},"end":{"line":670,"column":47}},"255":{"start":{"line":671,"column":12},"end":{"line":677,"column":13}},"256":{"start":{"line":672,"column":16},"end":{"line":676,"column":17}},"257":{"start":{"line":673,"column":20},"end":{"line":673,"column":55}},"258":{"start":{"line":675,"column":20},"end":{"line":675,"column":75}},"259":{"start":{"line":679,"column":12},"end":{"line":679,"column":40}},"260":{"start":{"line":680,"column":12},"end":{"line":705,"column":13}},"261":{"start":{"line":681,"column":16},"end":{"line":681,"column":42}},"262":{"start":{"line":682,"column":16},"end":{"line":682,"column":38}},"263":{"start":{"line":683,"column":16},"end":{"line":685,"column":17}},"264":{"start":{"line":684,"column":20},"end":{"line":684,"column":29}},"265":{"start":{"line":687,"column":16},"end":{"line":704,"column":17}},"266":{"start":{"line":688,"column":20},"end":{"line":688,"column":48}},"267":{"start":{"line":689,"column":20},"end":{"line":701,"column":21}},"268":{"start":{"line":690,"column":24},"end":{"line":692,"column":25}},"269":{"start":{"line":691,"column":28},"end":{"line":691,"column":37}},"270":{"start":{"line":693,"column":24},"end":{"line":699,"column":25}},"271":{"start":{"line":694,"column":28},"end":{"line":694,"column":136}},"272":{"start":{"line":695,"column":31},"end":{"line":699,"column":25}},"273":{"start":{"line":696,"column":28},"end":{"line":696,"column":130}},"274":{"start":{"line":698,"column":28},"end":{"line":698,"column":37}},"275":{"start":{"line":700,"column":24},"end":{"line":700,"column":47}},"276":{"start":{"line":702,"column":23},"end":{"line":704,"column":17}},"277":{"start":{"line":703,"column":20},"end":{"line":703,"column":95}},"278":{"start":{"line":708,"column":8},"end":{"line":708,"column":26}},"279":{"start":{"line":711,"column":4},"end":{"line":714,"column":5}},"280":{"start":{"line":712,"column":8},"end":{"line":712,"column":42}},"281":{"start":{"line":713,"column":8},"end":{"line":713,"column":50}},"282":{"start":{"line":716,"column":4},"end":{"line":719,"column":5}},"283":{"start":{"line":717,"column":8},"end":{"line":717,"column":42}},"284":{"start":{"line":718,"column":8},"end":{"line":718,"column":49}},"285":{"start":{"line":721,"column":4},"end":{"line":740,"column":5}},"286":{"start":{"line":722,"column":8},"end":{"line":722,"column":19}},"287":{"start":{"line":724,"column":8},"end":{"line":726,"column":11}},"288":{"start":{"line":725,"column":12},"end":{"line":725,"column":53}},"289":{"start":{"line":728,"column":8},"end":{"line":728,"column":69}},"290":{"start":{"line":730,"column":8},"end":{"line":732,"column":9}},"291":{"start":{"line":731,"column":12},"end":{"line":731,"column":63}},"292":{"start":{"line":734,"column":8},"end":{"line":734,"column":20}},"293":{"start":{"line":735,"column":8},"end":{"line":737,"column":9}},"294":{"start":{"line":736,"column":12},"end":{"line":736,"column":63}},"295":{"start":{"line":739,"column":8},"end":{"line":739,"column":23}},"296":{"start":{"line":742,"column":4},"end":{"line":835,"column":5}},"297":{"start":{"line":744,"column":8},"end":{"line":744,"column":51}},"298":{"start":{"line":746,"column":8},"end":{"line":748,"column":9}},"299":{"start":{"line":747,"column":12},"end":{"line":747,"column":70}},"300":{"start":{"line":751,"column":8},"end":{"line":761,"column":9}},"301":{"start":{"line":752,"column":12},"end":{"line":759,"column":13}},"302":{"start":{"line":753,"column":16},"end":{"line":757,"column":17}},"303":{"start":{"line":754,"column":20},"end":{"line":754,"column":60}},"304":{"start":{"line":755,"column":20},"end":{"line":755,"column":63}},"305":{"start":{"line":756,"column":20},"end":{"line":756,"column":43}},"306":{"start":{"line":758,"column":16},"end":{"line":758,"column":48}},"307":{"start":{"line":760,"column":12},"end":{"line":760,"column":24}},"308":{"start":{"line":763,"column":8},"end":{"line":765,"column":9}},"309":{"start":{"line":764,"column":12},"end":{"line":764,"column":85}},"310":{"start":{"line":768,"column":8},"end":{"line":768,"column":19}},"311":{"start":{"line":769,"column":8},"end":{"line":799,"column":11}},"312":{"start":{"line":771,"column":16},"end":{"line":771,"column":28}},"313":{"start":{"line":773,"column":16},"end":{"line":788,"column":17}},"314":{"start":{"line":774,"column":20},"end":{"line":774,"col
[...]
.pop();","","                ret = this.__execute(visitor.leave, element);","","                if (this.__state === BREAK || ret === BREAK) {","                    return;","                }","                continue;","            }","","            if (element.node) {","","                ret = this.__execute(visitor.enter, element);","","                if (this.__state === BREAK || ret === BREAK) {","                    return;","                }","","                worklist.push(sentinel);","                leavelist.push(element);","","                if (this.__state === SKIP || ret === SKIP) {","                    continue;","                }","","                node = element.node;","                nodeType = node.type || element.wrap;","                candidates = this.__keys[nodeType];","                if (!candidates) {","                    if (this.__fallback) {","                        candidates = this.__fallback(node);","                    } else {","                        throw new Error('Unknown node type ' + nodeType + '.');","                    }","                }","","                current = candidates.length;","                while ((current -= 1) >= 0) {","                    key = candidates[current];","                    candidate = node[key];","                    if (!candidate) {","                        continue;","                    }","","                    if (isArray(candidate)) {","                        current2 = candidate.length;","                        while ((current2 -= 1) >= 0) {","                            if (!candidate[current2]) {","                                continue;","                            }","                            if (isProperty(nodeType, candidates[current])) {","                                element = new Element(candidate[current2], [key, current2], 'Property', null);","                            } else if (isNode(candidate[current2])) {","                                element = new Element(candidate[current2], [key, current2], null, null);","                            } else {","                                continue;","                            }","                            worklist.push(element);","                        }","                    } else if (isNode(candidate)) {","                        worklist.push(new Element(candidate, key, null, null));","                    }","                }","            }","        }","    };","","    Controller.prototype.replace = function replace(root, visitor) {","        var worklist,","            leavelist,","            node,","            nodeType,","            target,","            element,","            current,","            current2,","            candidates,","            candidate,","            sentinel,","            outer,","            key;","","        function removeElem(element) {","            var i,","                key,","                nextElem,","                parent;","","            if (element.ref.remove()) {","                // When the reference is an element of an array.","                key = element.ref.key;","                parent = element.ref.parent;","","                // If removed from array, then decrease following items' keys.","                i = worklist.length;","                while (i--) {","                    nextElem = worklist[i];","                    if (nextElem.ref && nextElem.ref.parent === parent) {","                        if  (nextElem.ref.key < key) {","                            break;","                        }","                        --nextElem.ref.key;","                    }","                }","            }","        }","","        this.__initialize(root, visitor);","","        sentinel = {};","","        // reference","        worklist = this.__worklist;","        leavelist = this.__leavelist;","","        // initialize","        outer = {","            root: root","        };","        element = new Element(root, null, null, new Reference(outer, 'root'));","        worklist.push(element);","        leavelist.push(element);","","        while (worklist.length) {","            element = worklist.pop();","","            if (element === sentinel) {","                element = leavelist.pop();","","                target = this.__execute(visitor.leave, element);","","                // node may be replaced with null,","                // so distinguish between undefined and null in this place","                if (target !== undefined && target !== BREAK && target !== SKIP && target !== REMOVE) {","                    // replace","                    element.ref.replace(target);","                }","","                if (this.__state === REMOVE || target === REMOVE) {","                    removeElem(element);","                }","","                if (this.__state === BREAK || target === BREAK) {","                    return outer.root;","                }","                continue;","            }","","            target = this.__execute(visitor.enter, element);","","            // node may be replaced with null,","            // so distinguish between undefined and null in this place","            if (target !== undefined && target !== BREAK && target !== SKIP && target !== REMOVE) {","                // replace","                element.ref.replace(target);","                element.node = target;","            }","","            if (this.__state === REMOVE || target === REMOVE) {","                removeElem(element);","                element.node = null;","            }","","            if (this.__state === BREAK || target === BREAK) {","                return outer.root;","            }","","            // node may be null","            node = element.node;","            if (!node) {","                continue;","            }","","            worklist.push(sentinel);","            leavelist.push(element);","","            if (this.__state === SKIP || target === SKIP) {","                continue;","            }","","            nodeType = node.type || element.wrap;","            candidates = this.__keys[nodeType];","            if (!candidates) {","                if (this.__fallback) {","                    candidates = this.__fallback(node);","                } else {","                    throw new Error('Unknown node type ' + nodeType + '.');","                }","            }","","            current = candidates.length;","            while ((current -= 1) >= 0) {","                key = candidates[current];","                candidate = node[key];","                if (!candidate) {","                    continue;","                }","","                if (isArray(candidate)) {","                    current2 = candidate.length;","                    while ((current2 -= 1) >= 0) {","                        if (!candidate[current2]) {","                            continue;","                        }","                        if (isProperty(nodeType, candidates[current])) {","                            element = new Element(candidate[current2], [key, current2], 'Property', new Reference(candidate, current2));","                        } else if (isNode(candidate[current2])) {","                            element = new Element(candidate[current2], [key, current2], null, new Reference(candidate, current2));","                        } else {","                            continue;","                        }","                        worklist.push(element);","                    }","                } else if (isNode(candidate)) {","                    worklist.push(new Element(candidate, key, null, new Reference(node, key)));","                }","            }","        }","","        return outer.root;","    };","","    function traverse(root, visitor) {","        var controller = new Controller();","        return controller.traverse(root, visitor);","    }","","    function replace(root, visitor) {","        var controller = new Controller();","        return controller.replace(root, visitor);","    }","","    function extendCommentRange(comment, tokens) {","        var target;","","        target = upperBound(tokens, function search(token) {","            return token.range[0] > comment.range[0];","        });","","        comment.extendedRange = [comment.range[0], comment.range[1]];","","        if (target !== tokens.length) {","            comment.extendedRange[1] = tokens[target].range[0];","        }","","        target -= 1;","        if (target >= 0) {","            comment.extendedRange[0] = tokens[target].range[1];","        }","","        return comment;","    }","","    function attachComments(tree, providedComments, tokens) {","        // At first, we should calculate extended comment ranges.","        var comments = [], comment, len, i, cursor;","","        if (!tree.range) {","            throw new Error('attachComments needs range information');","        }","","        // tokens array is empty, we attach comments to tree as 'leadingComments'","        if (!tokens.length) {","            if (providedComments.length) {","                for (i = 0, len = providedComments.length; i < len; i += 1) {","                    comment = deepCopy(providedComments[i]);","                    comment.extendedRange = [0, tree.range[0]];","                    comments.push(comment);","                }","                tree.leadingComments = comments;","            }","            return tree;","        }","","        for (i = 0, len = providedComments.length; i < len; i += 1) {","            comments.push(extendCommentRange(deepCopy(providedComments[i]), tokens));","        }","","        // This is based on John Freeman's implementation.","        cursor = 0;","        traverse(tree, {","            enter: function (node) {","                var comment;","","                while (cursor < comments.length) {","                    comment = comments[cursor];","                    if (comment.extendedRange[1] > node.range[0]) {","                        break;","                    }","","                    if (comment.extendedRange[1] === node.range[0]) {","                        if (!node.leadingComments) {","                            node.leadingComments = [];","                        }","                        node.leadingComments.push(comment);","                        comments.splice(cursor, 1);","                    } else {","                        cursor += 1;","                    }","                }","","                // already out of owned node","                if (cursor === comments.length) {","                    return VisitorOption.Break;","                }","","                if (comments[cursor].extendedRange[0] > node.range[1]) {","                    return VisitorOption.Skip;","                }","            }","        });","","        cursor = 0;","        traverse(tree, {","            leave: function (node) {","                var comment;","","                while (cursor < comments.length) {","                    comment = comments[cursor];","                    if (node.range[1] < comment.extendedRange[0]) {","                        break;","                    }","","                    if (node.range[1] === comment.extendedRange[0]) {","                        if (!node.trailingComments) {","                            node.trailingComments = [];","                        }","                        node.trailingComments.push(comment);","                        comments.splice(cursor, 1);","                    } else {","                        cursor += 1;","                    }","                }","","                // already out of owned node","                if (cursor === comments.length) {","                    return VisitorOption.Break;","                }","","                if (comments[cursor].extendedRange[0] > node.range[1]) {","                    return VisitorOption.Skip;","                }","            }","        });","","        return tree;","    }","","    exports.version = require('./package.json').version;","    exports.Syntax = Syntax;","    exports.traverse = traverse;","    exports.replace = replace;","    exports.attachComments = attachComments;","    exports.VisitorKeys = VisitorKeys;","    exports.VisitorOption = VisitorOption;","    exports.Controller = Controller;","    exports.cloneEnvironment = function () { return clone({}); };","","    return exports;","}(exports));","/* vim: set sw=4 ts=4 et tw=80 : */",""],"l":{"28":1,"31":1,"41":1,"43":1,"44":1,"45":0,"46":0,"50":1,"51":0,"52":0,"53":0,"54":0,"55":0,"56":0,"58":0,"62":0,"65":1,"66":0,"67":0,"68":0,"69":0,"72":0,"74":1,"79":1,"80":0,"82":0,"83":0,"85":0,"86":0,"87":0,"88":0,"89":0,"91":0,"92":0,"95":0,"98":1,"99":0,"101":0,"102":0,"104":0,"105":0,"106":0,"107":0,"108":0,"109":0,"111":0,"114":0,"116":1,"118":1,"119":1,"121":0,"122":0,"123":0,"127":1,"128":0,"129":0,"130":0,"132":0,"135":1,"136":0,"137":0,"138":0,"139":0,"141":0,"144":1,"218":1,"293":1,"294":1,"295":1,"297":1,"303":1,"304":0,"305":0,"308":1,"309":0,"312":1,"313":0,"314":0,"315":0,"317":0,"318":0,"322":1,"323":0,"324":0,"325":0,"326":0,"329":1,"333":1,"334":0,"336":1,"337":0,"338":0,"339":0,"342":0,"347":0,"348":0,"352":0,"353":0,"354":0,"355":0,"357":0,"358":0,"363":1,"364":0,"365":0,"370":1,"371":0,"374":0,"375":0,"376":0,"379":0,"384":1,"385":0,"388":1,"389":0,"391":0,"393":0,"394":0,"395":0,"396":0,"397":0,"399":0,"401":0,"406":1,"407":0,"412":1,"413":0,"418":1,"419":0,"424":1,"425":0,"428":1,"429":0,"430":0,"431":0,"432":0,"433":0,"434":0,"435":0,"436":0,"437":0,"438":0,"439":0,"442":0,"443":0,"444":0,"448":1,"449":0,"450":0,"452":0,"455":1,"456":0,"459":1,"460":0,"473":0,"475":0,"478":0,"479":0,"482":0,"483":0,"485":0,"486":0,"488":0,"489":0,"491":0,"493":0,"494":0,"496":0,"499":0,"501":0,"503":0,"504":0,"507":0,"508":0,"510":0,"511":0,"514":0,"515":0,"516":0,"517":0,"518":0,"519":0,"521":0,"525":0,"526":0,"527":0,"528":0,"529":0,"530":0,"533":0,"534":0,"535":0,"536":0,"537":0,"539":0,"540":0,"541":0,"542":0,"544":0,"546":0,"548":0,"549":0,"556":1,"557":0,"571":1,"572":0,"577":0,"579":0,"580":0,"583":0,"584":0,"585":0,"586":0,"587":0,"588":0,"590":0,"596":0,"598":0,"601":0,"602":0,"605":0,"608":0,"609":0,"610":0,"612":0,"613":0,"615":0,"616":0,"618":0,"622":0,"624":0,"627":0,"628":0,"631":0,"632":0,"634":0,"637":0,"641":0,"643":0,"644":0,"647":0,"648":0,"649":0,"652":0,"653":0,"657":0,"658":0,"659":0,"662":0,"663":0,"665":0,"666":0,"669":0,"670":0,"671":0,"672":0,"673":0,"675":0,"679":0,"680":0,"681":0,"682":0,"683":0,"684":0,"687":0,"688":0,"689":0,"690":0,"691":0,"693":0,"694":0,"695":0,"696":0,"698":0,"700":0,"702":0,"703":0,"708":0,"711":1,"712":0,"713":0,"716":1,"717":0,"718":0,"721":1,"722":0,"724":0,"725":0,"728":0,"730":0,"731":0,"734":0,"735":0,"736":0,"739":0,"742":1,"744":0,"746":0,"747":0,"751":0,"752":0,"753":0,"754":0,"755":0,"756":0,"758":0,"760":0,"763":0,"764":0,"768":0,"769":0,"771":0,"773":0,"774":0,"775":0,"776":0,"779":0,"780":0,"781":0,"783":0,"784":0,"786":0,"791":0,"792":0,"795":0,"796":0,"801":0,"802":0,"804":0,"806":0,"807":0,"808":0,"809":0,"812":0,"813":0,"814":0,"816":0,"817":0,"819":0,"824":0,"825":0,"828":0,"829":0,"834":0,"837":1,"838":1,"839":1,"840":1,"841":1,"842":1,"843":1,"844":1,"845":1,"847":1}},"/home/travis/build/npmtest/node-npmtest-estraverse/node_modules/estraverse/gulpfile.js":{"path":"/home/travis/build/npmtest/node-npmtest-estraverse/node_modules/estraverse/gulpfile.js","s":{"1":2,"2":0,"3":0,"4":0,"5":1,"6":0,"7":0,"8":0,"9":0,"10":0,"11":0,"12":0},"b":{},"f":{"1":0,"2":0,"3":0,"4":0},"fnMap":{"1":{"name":"inc","line":51,"loc":{"start":{"line":51,"column":0},"end":{"line":51,"column":25}}},"2":{"name":"(anonymous_2)","line":68,"loc":{"start":{"line":68,"column":24},"end":{"line":68,"column":36}}},"3":{"name":"(anonymous_3)","line":69,"loc":{"start":{"line":69,"column":24},"end":{"line":69,"column":36}}},"4":{"name":"(anonymous_4)","line":70,"loc":{"start":{"line":70,"column":24},"end":{"line":70,"column":36}}}},"statementMap":{"1":{"start":{"line":27,"column":0},"end":{"line":31,"column":45}},"2":{"start":{"line":33,"column":0},"end":{"line":33,"column":27}},"3":{"start":{"line":34,"column":0},"end":{"line":34,"column":38}},"4":{"start":{"line":35,"column":0},"end":{"line":35,"column":31}},"5":{"start":{"line":51,"column":0},"end":{"line":66,"column":1}},"6":{"start":{"line":53,"column":4},"end":{"line":65,"column":12}},"7":{"start":{"line":68,"column":0},"end":{"line":68,"column":61}},"8":{"start":{"line":68,"column":38},"end":{"line":68,"column":58}},"9":{"start":{"line":69,"column":0},"end":{"line":69,"column":61}},"10":{"start":{"line":69,"column":38},"end":{"line":69,"column":58}},"11":{"start":{"line":70,"column":0},"end":{"line":70,"column":61}},"12":{"start":{"line":70,"column":38},"end":{"line":70,"column":58}}},"branchMap":{},"code":["/*","  Copyright (C) 2014 Yusuke Suzuki <utatane.tea@gmail.com>","","  Redistribution and use in source and binary forms, with or without","  modification, are permitted provided that the following conditions are met:","","    * Redistributions of source code must retain the above copyright","      notice, this list of conditions and the following disclaimer.","    * Redistributions in binary form must reproduce the above copyright","      notice, this list of conditions and the following disclaimer in the","      documentation and/or other materials provided with the distribution.","","  THIS SOFTWARE IS PROVIDED BY THE COPYRIGHT HOLDERS AND CONTRIBUTORS 'AS IS'","  AND ANY EXPRESS OR IMPLIED WARRANTIES, INCLUDING, BUT NOT LIMITED TO, THE","  IMPLIED WARRANTIES OF MERCHANTABILITY AND FITNESS FOR A PARTICULAR PURPOSE","  ARE DISCLAIMED. IN NO EVENT SHALL <COPYRIGHT HOLDER> BE LIABLE FOR ANY","  DIRECT, INDIRECT, INCIDENTAL, SPECIAL, EXEMPLARY, OR CONSEQUENTIAL DAMAGES","  (INCLUDING, BUT NOT LIMITED TO, PROCUREMENT OF SUBSTITUTE GOODS OR SERVICES;","  LOSS OF USE, DATA, OR PROFITS; OR BUSINESS INTERRUPTION) HOWEVER CAUSED AND","  ON ANY THEORY OF LIABILITY, WHETHER IN CONTRACT, STRICT LIABILITY, OR TORT","  (INCLUDING NEGLIGENCE OR OTHERWISE) ARISING IN ANY WAY OUT OF THE USE OF","  THIS SOFTWARE, EVEN IF ADVISED OF THE POSSIBILITY OF SUCH DAMAGE.","*/","","'use strict';","","var gulp = require('gulp'),","    git = require('gulp-git'),","    bump = require('gulp-bump'),","    filter = require('gulp-filter'),","    tagVersion = require('gulp-tag-version');","","var TEST = [ 'test/*.js' ];","var POWERED = [ 'powered-test/*.js' ];","var SOURCE = [ 'src/**/*.js' ];","","/**"," * Bumping version number and tagging the repository with it."," * Please read http://semver.org/"," *"," * You can use the commands"," *"," *     gulp patch     # makes v0.1.0 -> v0.1.1"," *     gulp feature   # makes v0.1.1 -> v0.2.0"," *     gulp release   # makes v0.2.1 -> v1.0.0"," *"," * To bump the version numbers accordingly after you did a patch,"," * introduced a feature or made a backwards-incompatible release."," */","","function inc(importance) {","    // get all the files to bump version in","    return gulp.src(['./package.json'])","        // bump the version number in those files","        .pipe(bump({type: importance}))","        // save it back to filesystem","        .pipe(gulp.dest('./'))","        // commit the changed version number","        .pipe(git.commit('Bumps package version'))","        // read only one file to get the version number","        .pipe(filter('package.json'))","        // **tag it in the repository**","        .pipe(tagVersion({","            prefix: ''","        }));","}","","gulp.task('patch', [ ], function () { return inc('patch'); })","gulp.task('minor', [ ], function () { return inc('minor'); })","gulp.task('major', [ ], function () { return inc('major'); })",""],"l":{"27":2,"33":0,"34":0,"35":0,"51":1,"53":0,"68":0,"69":0,"70":0}}}